{"/app/applet/src/domain/analyzer/BehaviorAnalyzer.ts": {"path":"/app/applet/src/domain/analyzer/BehaviorAnalyzer.ts","statementMap":{"0":{"start":{"line":12,"column":35},"end":{"line":12,"column":null}},"1":{"start":{"line":14,"column":32},"end":{"line":19,"column":null}},"2":{"start":{"line":22,"column":2},"end":{"line":30,"column":null}},"3":{"start":{"line":35,"column":46},"end":{"line":35,"column":null}},"4":{"start":{"line":37,"column":36},"end":{"line":37,"column":null}},"5":{"start":{"line":38,"column":30},"end":{"line":38,"column":null}},"6":{"start":{"line":41,"column":48},"end":{"line":41,"column":null}},"7":{"start":{"line":42,"column":29},"end":{"line":42,"column":null}},"8":{"start":{"line":43,"column":36},"end":{"line":43,"column":null}},"9":{"start":{"line":46,"column":4},"end":{"line":46,"column":null}},"10":{"start":{"line":50,"column":18},"end":{"line":50,"column":null}},"11":{"start":{"line":51,"column":4},"end":{"line":51,"column":null}},"12":{"start":{"line":51,"column":49},"end":{"line":51,"column":null}},"13":{"start":{"line":52,"column":4},"end":{"line":52,"column":null}},"14":{"start":{"line":52,"column":46},"end":{"line":52,"column":null}},"15":{"start":{"line":53,"column":4},"end":{"line":53,"column":null}},"16":{"start":{"line":53,"column":46},"end":{"line":53,"column":null}},"17":{"start":{"line":54,"column":4},"end":{"line":54,"column":null}},"18":{"start":{"line":58,"column":4},"end":{"line":61,"column":null}},"19":{"start":{"line":59,"column":6},"end":{"line":59,"column":null}},"20":{"start":{"line":60,"column":6},"end":{"line":60,"column":null}},"21":{"start":{"line":63,"column":22},"end":{"line":63,"column":null}},"22":{"start":{"line":64,"column":42},"end":{"line":67,"column":null}},"23":{"start":{"line":69,"column":36},"end":{"line":69,"column":null}},"24":{"start":{"line":71,"column":4},"end":{"line":84,"column":null}},"25":{"start":{"line":72,"column":23},"end":{"line":72,"column":null}},"26":{"start":{"line":73,"column":6},"end":{"line":73,"column":null}},"27":{"start":{"line":74,"column":6},"end":{"line":74,"column":null}},"28":{"start":{"line":75,"column":6},"end":{"line":75,"column":null}},"29":{"start":{"line":76,"column":6},"end":{"line":76,"column":null}},"30":{"start":{"line":77,"column":6},"end":{"line":77,"column":null}},"31":{"start":{"line":78,"column":4},"end":{"line":84,"column":null}},"32":{"start":{"line":79,"column":6},"end":{"line":79,"column":null}},"33":{"start":{"line":80,"column":6},"end":{"line":80,"column":null}},"34":{"start":{"line":81,"column":6},"end":{"line":81,"column":null}},"35":{"start":{"line":82,"column":6},"end":{"line":82,"column":null}},"36":{"start":{"line":83,"column":6},"end":{"line":83,"column":null}},"37":{"start":{"line":85,"column":4},"end":{"line":85,"column":null}},"38":{"start":{"line":87,"column":4},"end":{"line":128,"column":null}},"39":{"start":{"line":88,"column":21},"end":{"line":88,"column":null}},"40":{"start":{"line":90,"column":6},"end":{"line":96,"column":null}},"41":{"start":{"line":91,"column":8},"end":{"line":91,"column":null}},"42":{"start":{"line":94,"column":8},"end":{"line":94,"column":null}},"43":{"start":{"line":95,"column":8},"end":{"line":95,"column":null}},"44":{"start":{"line":98,"column":23},"end":{"line":98,"column":null}},"45":{"start":{"line":99,"column":6},"end":{"line":111,"column":null}},"46":{"start":{"line":100,"column":27},"end":{"line":100,"column":null}},"47":{"start":{"line":101,"column":8},"end":{"line":110,"column":null}},"48":{"start":{"line":103,"column":10},"end":{"line":106,"column":null}},"49":{"start":{"line":104,"column":12},"end":{"line":104,"column":null}},"50":{"start":{"line":105,"column":12},"end":{"line":105,"column":null}},"51":{"start":{"line":107,"column":8},"end":{"line":110,"column":null}},"52":{"start":{"line":109,"column":10},"end":{"line":109,"column":null}},"53":{"start":{"line":113,"column":6},"end":{"line":123,"column":null}},"54":{"start":{"line":115,"column":8},"end":{"line":117,"column":null}},"55":{"start":{"line":116,"column":10},"end":{"line":116,"column":null}},"56":{"start":{"line":119,"column":8},"end":{"line":122,"column":null}},"57":{"start":{"line":120,"column":10},"end":{"line":120,"column":null}},"58":{"start":{"line":121,"column":10},"end":{"line":121,"column":null}},"59":{"start":{"line":125,"column":6},"end":{"line":125,"column":null}},"60":{"start":{"line":127,"column":6},"end":{"line":127,"column":null}},"61":{"start":{"line":130,"column":4},"end":{"line":130,"column":null}},"62":{"start":{"line":131,"column":4},"end":{"line":133,"column":null}},"63":{"start":{"line":132,"column":6},"end":{"line":132,"column":null}},"64":{"start":{"line":135,"column":4},"end":{"line":135,"column":null}},"65":{"start":{"line":139,"column":4},"end":{"line":139,"column":null}},"66":{"start":{"line":140,"column":4},"end":{"line":140,"column":null}},"67":{"start":{"line":141,"column":4},"end":{"line":141,"column":null}},"68":{"start":{"line":142,"column":4},"end":{"line":142,"column":null}},"69":{"start":{"line":143,"column":4},"end":{"line":143,"column":null}},"70":{"start":{"line":144,"column":4},"end":{"line":144,"column":null}}},"fnMap":{"0":{"name":"isValidCoordinate","decl":{"start":{"line":21,"column":16},"end":{"line":21,"column":34}},"loc":{"start":{"line":21,"column":80},"end":{"line":32,"column":null}},"line":21},"1":{"name":"constructor","decl":{"start":{"line":45,"column":2},"end":{"line":45,"column":14}},"loc":{"start":{"line":45,"column":56},"end":{"line":47,"column":null}},"line":45},"2":{"name":"classifyMotion","decl":{"start":{"line":49,"column":9},"end":{"line":49,"column":24}},"loc":{"start":{"line":49,"column":55},"end":{"line":55,"column":null}},"line":49},"3":{"name":"analyze","decl":{"start":{"line":57,"column":9},"end":{"line":57,"column":17}},"loc":{"start":{"line":57,"column":60},"end":{"line":136,"column":null}},"line":57},"4":{"name":"reset","decl":{"start":{"line":138,"column":9},"end":{"line":138,"column":23}},"loc":{"start":{"line":138,"column":23},"end":{"line":145,"column":null}},"line":138}},"branchMap":{"0":{"loc":{"start":{"line":23,"column":4},"end":{"line":30,"column":null}},"type":"binary-expr","locations":[{"start":{"line":23,"column":4},"end":{"line":23,"column":null}},{"start":{"line":24,"column":4},"end":{"line":24,"column":null}},{"start":{"line":25,"column":4},"end":{"line":25,"column":null}},{"start":{"line":26,"column":4},"end":{"line":26,"column":null}},{"start":{"line":27,"column":4},"end":{"line":27,"column":null}},{"start":{"line":28,"column":4},"end":{"line":28,"column":null}},{"start":{"line":29,"column":4},"end":{"line":29,"column":null}},{"start":{"line":30,"column":4},"end":{"line":30,"column":null}}],"line":23},"1":{"loc":{"start":{"line":45,"column":14},"end":{"line":45,"column":56}},"type":"default-arg","locations":[{"start":{"line":45,"column":35},"end":{"line":45,"column":56}}],"line":45},"2":{"loc":{"start":{"line":50,"column":30},"end":{"line":50,"column":70}},"type":"cond-expr","locations":[{"start":{"line":50,"column":58},"end":{"line":50,"column":69}},{"start":{"line":50,"column":69},"end":{"line":50,"column":70}}],"line":50},"3":{"loc":{"start":{"line":51,"column":4},"end":{"line":51,"column":null}},"type":"if","locations":[{"start":{"line":51,"column":4},"end":{"line":51,"column":null}},{"start":{},"end":{}}],"line":51},"4":{"loc":{"start":{"line":52,"column":4},"end":{"line":52,"column":null}},"type":"if","locations":[{"start":{"line":52,"column":4},"end":{"line":52,"column":null}},{"start":{},"end":{}}],"line":52},"5":{"loc":{"start":{"line":53,"column":4},"end":{"line":53,"column":null}},"type":"if","locations":[{"start":{"line":53,"column":4},"end":{"line":53,"column":null}},{"start":{},"end":{}}],"line":53},"6":{"loc":{"start":{"line":58,"column":4},"end":{"line":61,"column":null}},"type":"if","locations":[{"start":{"line":58,"column":4},"end":{"line":61,"column":null}},{"start":{},"end":{}}],"line":58},"7":{"loc":{"start":{"line":63,"column":34},"end":{"line":63,"column":92}},"type":"cond-expr","locations":[{"start":{"line":63,"column":71},"end":{"line":63,"column":91}},{"start":{"line":63,"column":91},"end":{"line":63,"column":92}}],"line":63},"8":{"loc":{"start":{"line":71,"column":4},"end":{"line":84,"column":null}},"type":"if","locations":[{"start":{"line":71,"column":4},"end":{"line":84,"column":null}},{"start":{"line":78,"column":4},"end":{"line":84,"column":null}}],"line":71},"9":{"loc":{"start":{"line":71,"column":8},"end":{"line":71,"column":65}},"type":"binary-expr","locations":[{"start":{"line":71,"column":8},"end":{"line":71,"column":34}},{"start":{"line":71,"column":34},"end":{"line":71,"column":65}}],"line":71},"10":{"loc":{"start":{"line":78,"column":4},"end":{"line":84,"column":null}},"type":"if","locations":[{"start":{"line":78,"column":4},"end":{"line":84,"column":null}},{"start":{},"end":{}}],"line":78},"11":{"loc":{"start":{"line":78,"column":15},"end":{"line":78,"column":98}},"type":"binary-expr","locations":[{"start":{"line":78,"column":15},"end":{"line":78,"column":42}},{"start":{"line":78,"column":42},"end":{"line":78,"column":74}},{"start":{"line":78,"column":74},"end":{"line":78,"column":98}}],"line":78},"12":{"loc":{"start":{"line":87,"column":4},"end":{"line":128,"column":null}},"type":"if","locations":[{"start":{"line":87,"column":4},"end":{"line":128,"column":null}},{"start":{"line":126,"column":11},"end":{"line":128,"column":null}}],"line":87},"13":{"loc":{"start":{"line":90,"column":6},"end":{"line":96,"column":null}},"type":"if","locations":[{"start":{"line":90,"column":6},"end":{"line":96,"column":null}},{"start":{},"end":{}}],"line":90},"14":{"loc":{"start":{"line":99,"column":6},"end":{"line":111,"column":null}},"type":"if","locations":[{"start":{"line":99,"column":6},"end":{"line":111,"column":null}},{"start":{},"end":{}}],"line":99},"15":{"loc":{"start":{"line":101,"column":8},"end":{"line":110,"column":null}},"type":"if","locations":[{"start":{"line":101,"column":8},"end":{"line":110,"column":null}},{"start":{"line":107,"column":8},"end":{"line":110,"column":null}}],"line":101},"16":{"loc":{"start":{"line":101,"column":12},"end":{"line":101,"column":92}},"type":"binary-expr","locations":[{"start":{"line":101,"column":12},"end":{"line":101,"column":67}},{"start":{"line":101,"column":67},"end":{"line":101,"column":92}}],"line":101},"17":{"loc":{"start":{"line":103,"column":10},"end":{"line":106,"column":null}},"type":"if","locations":[{"start":{"line":103,"column":10},"end":{"line":106,"column":null}},{"start":{},"end":{}}],"line":103},"18":{"loc":{"start":{"line":107,"column":8},"end":{"line":110,"column":null}},"type":"if","locations":[{"start":{"line":107,"column":8},"end":{"line":110,"column":null}},{"start":{},"end":{}}],"line":107},"19":{"loc":{"start":{"line":113,"column":6},"end":{"line":123,"column":null}},"type":"if","locations":[{"start":{"line":113,"column":6},"end":{"line":123,"column":null}},{"start":{},"end":{}}],"line":113},"20":{"loc":{"start":{"line":115,"column":8},"end":{"line":117,"column":null}},"type":"if","locations":[{"start":{"line":115,"column":8},"end":{"line":117,"column":null}},{"start":{},"end":{}}],"line":115},"21":{"loc":{"start":{"line":119,"column":8},"end":{"line":122,"column":null}},"type":"if","locations":[{"start":{"line":119,"column":8},"end":{"line":122,"column":null}},{"start":{},"end":{}}],"line":119},"22":{"loc":{"start":{"line":119,"column":12},"end":{"line":119,"column":69}},"type":"binary-expr","locations":[{"start":{"line":119,"column":12},"end":{"line":119,"column":45}},{"start":{"line":119,"column":45},"end":{"line":119,"column":69}}],"line":119},"23":{"loc":{"start":{"line":131,"column":4},"end":{"line":133,"column":null}},"type":"if","locations":[{"start":{"line":131,"column":4},"end":{"line":133,"column":null}},{"start":{},"end":{}}],"line":131}},"s":{"0":1,"1":1,"2":11045,"3":18,"4":18,"5":18,"6":18,"7":18,"8":18,"9":18,"10":5357,"11":5357,"12":404,"13":4953,"14":686,"15":4267,"16":676,"17":3591,"18":11045,"19":330,"20":330,"21":10715,"22":11045,"23":11045,"24":11045,"25":674,"26":674,"27":674,"28":674,"29":674,"30":674,"31":10041,"32":500,"33":500,"34":500,"35":500,"36":500,"37":10715,"38":10715,"39":5349,"40":5349,"41":400,"42":400,"43":400,"44":5349,"45":5349,"46":5342,"47":5342,"48":150,"49":129,"50":129,"51":5192,"52":517,"53":5349,"54":3590,"55":657,"56":3590,"57":465,"58":465,"59":5349,"60":5366,"61":10715,"62":10715,"63":10641,"64":10715,"65":1,"66":1,"67":1,"68":1,"69":1,"70":1},"f":{"0":11045,"1":18,"2":5357,"3":11045,"4":1},"b":{"0":[11045,10955,10876,10828,10783,10757,10741,10727],"1":[18],"2":[5356,1],"3":[404,4953],"4":[686,4267],"5":[676,3591],"6":[330,10715],"7":[10611,104],"8":[674,10041],"9":[11045,5375],"10":[500,9541],"11":[10041,5340,665],"12":[5349,5366],"13":[400,4949],"14":[5342,7],"15":[150,5192],"16":[5342,150],"17":[129,21],"18":[517,4675],"19":[3590,1759],"20":[657,2933],"21":[465,3125],"22":[3590,2714],"23":[10641,74]},"meta":{"lastBranch":24,"lastFunction":5,"lastStatement":71,"seen":{"s:12:35:12:Infinity":0,"s:14:32:19:Infinity":1,"f:21:16:21:34":0,"s:22:2:30:Infinity":2,"b:23:4:23:Infinity:24:4:24:Infinity:25:4:25:Infinity:26:4:26:Infinity:27:4:27:Infinity:28:4:28:Infinity:29:4:29:Infinity:30:4:30:Infinity":0,"s:35:46:35:Infinity":3,"s:37:36:37:Infinity":4,"s:38:30:38:Infinity":5,"s:41:48:41:Infinity":6,"s:42:29:42:Infinity":7,"s:43:36:43:Infinity":8,"f:45:2:45:14":1,"b:45:35:45:56":1,"s:46:4:46:Infinity":9,"f:49:9:49:24":2,"s:50:18:50:Infinity":10,"b:50:58:50:69:50:69:50:70":2,"b:51:4:51:Infinity:undefined:undefined:undefined:undefined":3,"s:51:4:51:Infinity":11,"s:51:49:51:Infinity":12,"b:52:4:52:Infinity:undefined:undefined:undefined:undefined":4,"s:52:4:52:Infinity":13,"s:52:46:52:Infinity":14,"b:53:4:53:Infinity:undefined:undefined:undefined:undefined":5,"s:53:4:53:Infinity":15,"s:53:46:53:Infinity":16,"s:54:4:54:Infinity":17,"f:57:9:57:17":3,"b:58:4:61:Infinity:undefined:undefined:undefined:undefined":6,"s:58:4:61:Infinity":18,"s:59:6:59:Infinity":19,"s:60:6:60:Infinity":20,"s:63:22:63:Infinity":21,"b:63:71:63:91:63:91:63:92":7,"s:64:42:67:Infinity":22,"s:69:36:69:Infinity":23,"b:71:4:84:Infinity:78:4:84:Infinity":8,"s:71:4:84:Infinity":24,"b:71:8:71:34:71:34:71:65":9,"s:72:23:72:Infinity":25,"s:73:6:73:Infinity":26,"s:74:6:74:Infinity":27,"s:75:6:75:Infinity":28,"s:76:6:76:Infinity":29,"s:77:6:77:Infinity":30,"b:78:4:84:Infinity:undefined:undefined:undefined:undefined":10,"s:78:4:84:Infinity":31,"b:78:15:78:42:78:42:78:74:78:74:78:98":11,"s:79:6:79:Infinity":32,"s:80:6:80:Infinity":33,"s:81:6:81:Infinity":34,"s:82:6:82:Infinity":35,"s:83:6:83:Infinity":36,"s:85:4:85:Infinity":37,"b:87:4:128:Infinity:126:11:128:Infinity":12,"s:87:4:128:Infinity":38,"s:88:21:88:Infinity":39,"b:90:6:96:Infinity:undefined:undefined:undefined:undefined":13,"s:90:6:96:Infinity":40,"s:91:8:91:Infinity":41,"s:94:8:94:Infinity":42,"s:95:8:95:Infinity":43,"s:98:23:98:Infinity":44,"b:99:6:111:Infinity:undefined:undefined:undefined:undefined":14,"s:99:6:111:Infinity":45,"s:100:27:100:Infinity":46,"b:101:8:110:Infinity:107:8:110:Infinity":15,"s:101:8:110:Infinity":47,"b:101:12:101:67:101:67:101:92":16,"b:103:10:106:Infinity:undefined:undefined:undefined:undefined":17,"s:103:10:106:Infinity":48,"s:104:12:104:Infinity":49,"s:105:12:105:Infinity":50,"b:107:8:110:Infinity:undefined:undefined:undefined:undefined":18,"s:107:8:110:Infinity":51,"s:109:10:109:Infinity":52,"b:113:6:123:Infinity:undefined:undefined:undefined:undefined":19,"s:113:6:123:Infinity":53,"b:115:8:117:Infinity:undefined:undefined:undefined:undefined":20,"s:115:8:117:Infinity":54,"s:116:10:116:Infinity":55,"b:119:8:122:Infinity:undefined:undefined:undefined:undefined":21,"s:119:8:122:Infinity":56,"b:119:12:119:45:119:45:119:69":22,"s:120:10:120:Infinity":57,"s:121:10:121:Infinity":58,"s:125:6:125:Infinity":59,"s:127:6:127:Infinity":60,"s:130:4:130:Infinity":61,"b:131:4:133:Infinity:undefined:undefined:undefined:undefined":23,"s:131:4:133:Infinity":62,"s:132:6:132:Infinity":63,"s:135:4:135:Infinity":64,"f:138:9:138:23":4,"s:139:4:139:Infinity":65,"s:140:4:140:Infinity":66,"s:141:4:141:Infinity":67,"s:142:4:142:Infinity":68,"s:143:4:143:Infinity":69,"s:144:4:144:Infinity":70},"fnNames":{}}}
,"/app/applet/src/domain/emergency/EmergencyEngine.ts": {"path":"/app/applet/src/domain/emergency/EmergencyEngine.ts","statementMap":{"0":{"start":{"line":12,"column":42},"end":{"line":20,"column":null}},"1":{"start":{"line":17,"column":36},"end":{"line":17,"column":null}},"2":{"start":{"line":18,"column":43},"end":{"line":18,"column":null}},"3":{"start":{"line":19,"column":40},"end":{"line":19,"column":null}},"4":{"start":{"line":30,"column":41},"end":{"line":30,"column":null}},"5":{"start":{"line":32,"column":4},"end":{"line":32,"column":null}},"6":{"start":{"line":33,"column":4},"end":{"line":33,"column":null}},"7":{"start":{"line":34,"column":4},"end":{"line":34,"column":null}},"8":{"start":{"line":38,"column":4},"end":{"line":40,"column":null}},"9":{"start":{"line":39,"column":6},"end":{"line":39,"column":null}},"10":{"start":{"line":41,"column":4},"end":{"line":41,"column":null}},"11":{"start":{"line":45,"column":4},"end":{"line":47,"column":null}},"12":{"start":{"line":46,"column":6},"end":{"line":46,"column":null}},"13":{"start":{"line":48,"column":16},"end":{"line":48,"column":null}},"14":{"start":{"line":49,"column":16},"end":{"line":49,"column":null}},"15":{"start":{"line":50,"column":4},"end":{"line":50,"column":null}},"16":{"start":{"line":54,"column":4},"end":{"line":56,"column":null}},"17":{"start":{"line":55,"column":6},"end":{"line":55,"column":null}},"18":{"start":{"line":57,"column":4},"end":{"line":57,"column":null}},"19":{"start":{"line":62,"column":4},"end":{"line":67,"column":null}},"20":{"start":{"line":63,"column":6},"end":{"line":63,"column":null}},"21":{"start":{"line":64,"column":6},"end":{"line":64,"column":null}},"22":{"start":{"line":66,"column":6},"end":{"line":66,"column":null}},"23":{"start":{"line":68,"column":23},"end":{"line":68,"column":null}},"24":{"start":{"line":69,"column":4},"end":{"line":69,"column":null}},"25":{"start":{"line":81,"column":21},"end":{"line":81,"column":null}},"26":{"start":{"line":82,"column":21},"end":{"line":82,"column":null}},"27":{"start":{"line":83,"column":23},"end":{"line":83,"column":null}},"28":{"start":{"line":84,"column":25},"end":{"line":84,"column":null}},"29":{"start":{"line":86,"column":17},"end":{"line":86,"column":null}},"30":{"start":{"line":87,"column":26},"end":{"line":87,"column":null}},"31":{"start":{"line":89,"column":34},"end":{"line":89,"column":null}},"32":{"start":{"line":90,"column":4},"end":{"line":90,"column":null}},"33":{"start":{"line":90,"column":27},"end":{"line":90,"column":null}},"34":{"start":{"line":91,"column":4},"end":{"line":91,"column":null}},"35":{"start":{"line":91,"column":25},"end":{"line":91,"column":null}},"36":{"start":{"line":92,"column":4},"end":{"line":92,"column":null}},"37":{"start":{"line":92,"column":27},"end":{"line":92,"column":null}},"38":{"start":{"line":93,"column":4},"end":{"line":98,"column":null}},"39":{"start":{"line":94,"column":6},"end":{"line":94,"column":null}},"40":{"start":{"line":94,"column":40},"end":{"line":94,"column":null}},"41":{"start":{"line":95,"column":6},"end":{"line":95,"column":null}},"42":{"start":{"line":95,"column":40},"end":{"line":95,"column":null}},"43":{"start":{"line":96,"column":6},"end":{"line":96,"column":null}},"44":{"start":{"line":96,"column":46},"end":{"line":96,"column":null}},"45":{"start":{"line":97,"column":6},"end":{"line":97,"column":null}},"46":{"start":{"line":97,"column":40},"end":{"line":97,"column":null}},"47":{"start":{"line":100,"column":4},"end":{"line":110,"column":null}},"48":{"start":{"line":114,"column":4},"end":{"line":114,"column":null}},"49":{"start":{"line":115,"column":4},"end":{"line":115,"column":null}},"50":{"start":{"line":119,"column":4},"end":{"line":119,"column":null}},"51":{"start":{"line":123,"column":4},"end":{"line":123,"column":null}},"52":{"start":{"line":123,"column":25},"end":{"line":123,"column":null}},"53":{"start":{"line":124,"column":4},"end":{"line":124,"column":null}},"54":{"start":{"line":124,"column":64},"end":{"line":124,"column":null}},"55":{"start":{"line":125,"column":4},"end":{"line":125,"column":null}},"56":{"start":{"line":125,"column":35},"end":{"line":125,"column":null}},"57":{"start":{"line":126,"column":4},"end":{"line":126,"column":null}}},"fnMap":{"0":{"name":"(anonymous_0)","decl":{"start":{"line":17,"column":14},"end":{"line":17,"column":15}},"loc":{"start":{"line":17,"column":36},"end":{"line":17,"column":null}},"line":17},"1":{"name":"(anonymous_1)","decl":{"start":{"line":18,"column":15},"end":{"line":18,"column":16}},"loc":{"start":{"line":18,"column":43},"end":{"line":18,"column":null}},"line":18},"2":{"name":"(anonymous_2)","decl":{"start":{"line":19,"column":16},"end":{"line":19,"column":17}},"loc":{"start":{"line":19,"column":40},"end":{"line":19,"column":null}},"line":19},"3":{"name":"constructor","decl":{"start":{"line":27,"column":2},"end":{"line":27,"column":null}},"loc":{"start":{"line":31,"column":4},"end":{"line":35,"column":null}},"line":31},"4":{"name":"(anonymous_4)","decl":{"start":{"line":30,"column":35},"end":{"line":30,"column":41}},"loc":{"start":{"line":30,"column":41},"end":{"line":30,"column":null}},"line":30},"5":{"name":"sanitizeBattery","decl":{"start":{"line":37,"column":10},"end":{"line":37,"column":26}},"loc":{"start":{"line":37,"column":58},"end":{"line":42,"column":null}},"line":37},"6":{"name":"sanitizeCoordinate","decl":{"start":{"line":44,"column":10},"end":{"line":44,"column":29}},"loc":{"start":{"line":44,"column":68},"end":{"line":51,"column":null}},"line":44},"7":{"name":"sanitizeSpeed","decl":{"start":{"line":53,"column":10},"end":{"line":53,"column":24}},"loc":{"start":{"line":53,"column":50},"end":{"line":58,"column":null}},"line":53},"8":{"name":"evaluate","decl":{"start":{"line":60,"column":9},"end":{"line":60,"column":18}},"loc":{"start":{"line":60,"column":58},"end":{"line":70,"column":null}},"line":60},"9":{"name":"createRiskReport","decl":{"start":{"line":72,"column":9},"end":{"line":72,"column":null}},"loc":{"start":{"line":80,"column":16},"end":{"line":111,"column":null}},"line":80},"10":{"name":"resolveIncident","decl":{"start":{"line":113,"column":9},"end":{"line":113,"column":33}},"loc":{"start":{"line":113,"column":33},"end":{"line":116,"column":null}},"line":113},"11":{"name":"getActiveActions","decl":{"start":{"line":118,"column":9},"end":{"line":118,"column":42}},"loc":{"start":{"line":118,"column":42},"end":{"line":120,"column":null}},"line":118},"12":{"name":"pollingIntervalMs","decl":{"start":{"line":122,"column":9},"end":{"line":122,"column":27}},"loc":{"start":{"line":122,"column":80},"end":{"line":127,"column":null}},"line":122}},"branchMap":{"0":{"loc":{"start":{"line":28,"column":4},"end":{"line":28,"column":null}},"type":"default-arg","locations":[{"start":{"line":28,"column":29},"end":{"line":28,"column":null}}],"line":28},"1":{"loc":{"start":{"line":29,"column":4},"end":{"line":29,"column":null}},"type":"default-arg","locations":[{"start":{"line":29,"column":37},"end":{"line":29,"column":null}}],"line":29},"2":{"loc":{"start":{"line":30,"column":4},"end":{"line":30,"column":null}},"type":"default-arg","locations":[{"start":{"line":30,"column":35},"end":{"line":30,"column":null}}],"line":30},"3":{"loc":{"start":{"line":38,"column":4},"end":{"line":40,"column":null}},"type":"if","locations":[{"start":{"line":38,"column":4},"end":{"line":40,"column":null}},{"start":{},"end":{}}],"line":38},"4":{"loc":{"start":{"line":38,"column":8},"end":{"line":38,"column":112}},"type":"binary-expr","locations":[{"start":{"line":38,"column":8},"end":{"line":38,"column":46}},{"start":{"line":38,"column":46},"end":{"line":38,"column":78}},{"start":{"line":38,"column":78},"end":{"line":38,"column":112}}],"line":38},"5":{"loc":{"start":{"line":45,"column":4},"end":{"line":47,"column":null}},"type":"if","locations":[{"start":{"line":45,"column":4},"end":{"line":47,"column":null}},{"start":{},"end":{}}],"line":45},"6":{"loc":{"start":{"line":45,"column":8},"end":{"line":45,"column":85}},"type":"binary-expr","locations":[{"start":{"line":45,"column":8},"end":{"line":45,"column":37}},{"start":{"line":45,"column":37},"end":{"line":45,"column":60}},{"start":{"line":45,"column":60},"end":{"line":45,"column":85}}],"line":45},"7":{"loc":{"start":{"line":48,"column":16},"end":{"line":48,"column":null}},"type":"cond-expr","locations":[{"start":{"line":48,"column":24},"end":{"line":48,"column":30}},{"start":{"line":48,"column":30},"end":{"line":48,"column":null}}],"line":48},"8":{"loc":{"start":{"line":49,"column":16},"end":{"line":49,"column":null}},"type":"cond-expr","locations":[{"start":{"line":49,"column":24},"end":{"line":49,"column":29}},{"start":{"line":49,"column":29},"end":{"line":49,"column":null}}],"line":49},"9":{"loc":{"start":{"line":54,"column":4},"end":{"line":56,"column":null}},"type":"if","locations":[{"start":{"line":54,"column":4},"end":{"line":56,"column":null}},{"start":{},"end":{}}],"line":54},"10":{"loc":{"start":{"line":54,"column":8},"end":{"line":54,"column":94}},"type":"binary-expr","locations":[{"start":{"line":54,"column":8},"end":{"line":54,"column":40}},{"start":{"line":54,"column":40},"end":{"line":54,"column":66}},{"start":{"line":54,"column":66},"end":{"line":54,"column":94}}],"line":54},"11":{"loc":{"start":{"line":62,"column":4},"end":{"line":67,"column":null}},"type":"if","locations":[{"start":{"line":62,"column":4},"end":{"line":67,"column":null}},{"start":{"line":65,"column":11},"end":{"line":67,"column":null}}],"line":62},"12":{"loc":{"start":{"line":79,"column":4},"end":{"line":79,"column":null}},"type":"default-arg","locations":[{"start":{"line":79,"column":27},"end":{"line":79,"column":null}}],"line":79},"13":{"loc":{"start":{"line":90,"column":4},"end":{"line":90,"column":null}},"type":"if","locations":[{"start":{"line":90,"column":4},"end":{"line":90,"column":null}},{"start":{},"end":{}}],"line":90},"14":{"loc":{"start":{"line":91,"column":4},"end":{"line":91,"column":null}},"type":"if","locations":[{"start":{"line":91,"column":4},"end":{"line":91,"column":null}},{"start":{},"end":{}}],"line":91},"15":{"loc":{"start":{"line":92,"column":4},"end":{"line":92,"column":null}},"type":"if","locations":[{"start":{"line":92,"column":4},"end":{"line":92,"column":null}},{"start":{},"end":{}}],"line":92},"16":{"loc":{"start":{"line":94,"column":6},"end":{"line":94,"column":null}},"type":"if","locations":[{"start":{"line":94,"column":6},"end":{"line":94,"column":null}},{"start":{},"end":{}}],"line":94},"17":{"loc":{"start":{"line":95,"column":6},"end":{"line":95,"column":null}},"type":"if","locations":[{"start":{"line":95,"column":6},"end":{"line":95,"column":null}},{"start":{},"end":{}}],"line":95},"18":{"loc":{"start":{"line":96,"column":6},"end":{"line":96,"column":null}},"type":"if","locations":[{"start":{"line":96,"column":6},"end":{"line":96,"column":null}},{"start":{},"end":{}}],"line":96},"19":{"loc":{"start":{"line":97,"column":6},"end":{"line":97,"column":null}},"type":"if","locations":[{"start":{"line":97,"column":6},"end":{"line":97,"column":null}},{"start":{},"end":{}}],"line":97},"20":{"loc":{"start":{"line":123,"column":4},"end":{"line":123,"column":null}},"type":"if","locations":[{"start":{"line":123,"column":4},"end":{"line":123,"column":null}},{"start":{},"end":{}}],"line":123},"21":{"loc":{"start":{"line":124,"column":4},"end":{"line":124,"column":null}},"type":"if","locations":[{"start":{"line":124,"column":4},"end":{"line":124,"column":null}},{"start":{},"end":{}}],"line":124},"22":{"loc":{"start":{"line":124,"column":8},"end":{"line":124,"column":64}},"type":"binary-expr","locations":[{"start":{"line":124,"column":8},"end":{"line":124,"column":37}},{"start":{"line":124,"column":37},"end":{"line":124,"column":64}}],"line":124},"23":{"loc":{"start":{"line":125,"column":4},"end":{"line":125,"column":null}},"type":"if","locations":[{"start":{"line":125,"column":4},"end":{"line":125,"column":null}},{"start":{},"end":{}}],"line":125}},"s":{"0":1,"1":1,"2":2,"3":0,"4":4,"5":5,"6":5,"7":5,"8":5,"9":1,"10":4,"11":10,"12":2,"13":8,"14":10,"15":10,"16":5,"17":1,"18":4,"19":5,"20":5,"21":5,"22":0,"23":5,"24":5,"25":5,"26":5,"27":5,"28":5,"29":5,"30":5,"31":5,"32":5,"33":1,"34":5,"35":1,"36":5,"37":1,"38":5,"39":0,"40":0,"41":0,"42":0,"43":0,"44":0,"45":0,"46":0,"47":5,"48":0,"49":0,"50":5,"51":0,"52":0,"53":0,"54":0,"55":0,"56":0,"57":0},"f":{"0":1,"1":2,"2":0,"3":5,"4":4,"5":5,"6":10,"7":5,"8":5,"9":5,"10":0,"11":5,"12":0},"b":{"0":[5],"1":[5],"2":[4],"3":[1,4],"4":[5,5,4],"5":[2,8],"6":[10,10,8],"7":[4,4],"8":[4,4],"9":[1,4],"10":[5,5,4],"11":[5,0],"12":[5],"13":[1,4],"14":[1,4],"15":[1,4],"16":[0,0],"17":[0,0],"18":[0,0],"19":[0,0],"20":[0,0],"21":[0,0],"22":[0,0],"23":[0,0]},"meta":{"lastBranch":24,"lastFunction":13,"lastStatement":58,"seen":{"s:12:42:20:Infinity":0,"f:17:14:17:15":0,"s:17:36:17:Infinity":1,"f:18:15:18:16":1,"s:18:43:18:Infinity":2,"f:19:16:19:17":2,"s:19:40:19:Infinity":3,"f:27:2:27:Infinity":3,"b:28:29:28:Infinity":0,"b:29:37:29:Infinity":1,"b:30:35:30:Infinity":2,"f:30:35:30:41":4,"s:30:41:30:Infinity":4,"s:32:4:32:Infinity":5,"s:33:4:33:Infinity":6,"s:34:4:34:Infinity":7,"f:37:10:37:26":5,"b:38:4:40:Infinity:undefined:undefined:undefined:undefined":3,"s:38:4:40:Infinity":8,"b:38:8:38:46:38:46:38:78:38:78:38:112":4,"s:39:6:39:Infinity":9,"s:41:4:41:Infinity":10,"f:44:10:44:29":6,"b:45:4:47:Infinity:undefined:undefined:undefined:undefined":5,"s:45:4:47:Infinity":11,"b:45:8:45:37:45:37:45:60:45:60:45:85":6,"s:46:6:46:Infinity":12,"s:48:16:48:Infinity":13,"b:48:24:48:30:48:30:48:Infinity":7,"s:49:16:49:Infinity":14,"b:49:24:49:29:49:29:49:Infinity":8,"s:50:4:50:Infinity":15,"f:53:10:53:24":7,"b:54:4:56:Infinity:undefined:undefined:undefined:undefined":9,"s:54:4:56:Infinity":16,"b:54:8:54:40:54:40:54:66:54:66:54:94":10,"s:55:6:55:Infinity":17,"s:57:4:57:Infinity":18,"f:60:9:60:18":8,"b:62:4:67:Infinity:65:11:67:Infinity":11,"s:62:4:67:Infinity":19,"s:63:6:63:Infinity":20,"s:64:6:64:Infinity":21,"s:66:6:66:Infinity":22,"s:68:23:68:Infinity":23,"s:69:4:69:Infinity":24,"f:72:9:72:Infinity":9,"b:79:27:79:Infinity":12,"s:81:21:81:Infinity":25,"s:82:21:82:Infinity":26,"s:83:23:83:Infinity":27,"s:84:25:84:Infinity":28,"s:86:17:86:Infinity":29,"s:87:26:87:Infinity":30,"s:89:34:89:Infinity":31,"b:90:4:90:Infinity:undefined:undefined:undefined:undefined":13,"s:90:4:90:Infinity":32,"s:90:27:90:Infinity":33,"b:91:4:91:Infinity:undefined:undefined:undefined:undefined":14,"s:91:4:91:Infinity":34,"s:91:25:91:Infinity":35,"b:92:4:92:Infinity:undefined:undefined:undefined:undefined":15,"s:92:4:92:Infinity":36,"s:92:27:92:Infinity":37,"s:93:4:98:Infinity":38,"b:94:6:94:Infinity:undefined:undefined:undefined:undefined":16,"s:94:6:94:Infinity":39,"s:94:40:94:Infinity":40,"b:95:6:95:Infinity:undefined:undefined:undefined:undefined":17,"s:95:6:95:Infinity":41,"s:95:40:95:Infinity":42,"b:96:6:96:Infinity:undefined:undefined:undefined:undefined":18,"s:96:6:96:Infinity":43,"s:96:46:96:Infinity":44,"b:97:6:97:Infinity:undefined:undefined:undefined:undefined":19,"s:97:6:97:Infinity":45,"s:97:40:97:Infinity":46,"s:100:4:110:Infinity":47,"f:113:9:113:33":10,"s:114:4:114:Infinity":48,"s:115:4:115:Infinity":49,"f:118:9:118:42":11,"s:119:4:119:Infinity":50,"f:122:9:122:27":12,"b:123:4:123:Infinity:undefined:undefined:undefined:undefined":20,"s:123:4:123:Infinity":51,"s:123:25:123:Infinity":52,"b:124:4:124:Infinity:undefined:undefined:undefined:undefined":21,"s:124:4:124:Infinity":53,"b:124:8:124:37:124:37:124:64":22,"s:124:64:124:Infinity":54,"b:125:4:125:Infinity:undefined:undefined:undefined:undefined":23,"s:125:4:125:Infinity":55,"s:125:35:125:Infinity":56,"s:126:4:126:Infinity":57},"fnNames":{}}}
,"/app/applet/src/domain/geofence/GeofenceMonitor.ts": {"path":"/app/applet/src/domain/geofence/GeofenceMonitor.ts","statementMap":{"0":{"start":{"line":13,"column":2},"end":{"line":21,"column":null}},"1":{"start":{"line":28,"column":53},"end":{"line":28,"column":null}},"2":{"start":{"line":31,"column":4},"end":{"line":33,"column":null}},"3":{"start":{"line":32,"column":6},"end":{"line":32,"column":null}},"4":{"start":{"line":35,"column":14},"end":{"line":35,"column":null}},"5":{"start":{"line":36,"column":10},"end":{"line":36,"column":null}},"6":{"start":{"line":37,"column":10},"end":{"line":37,"column":null}},"7":{"start":{"line":39,"column":6},"end":{"line":43,"column":null}},"8":{"start":{"line":44,"column":14},"end":{"line":44,"column":null}},"9":{"start":{"line":45,"column":4},"end":{"line":45,"column":null}},"10":{"start":{"line":54,"column":4},"end":{"line":63,"column":null}},"11":{"start":{"line":55,"column":6},"end":{"line":62,"column":null}},"12":{"start":{"line":65,"column":25},"end":{"line":65,"column":null}},"13":{"start":{"line":65,"column":51},"end":{"line":65,"column":108}},"14":{"start":{"line":66,"column":42},"end":{"line":66,"column":null}},"15":{"start":{"line":67,"column":33},"end":{"line":67,"column":null}},"16":{"start":{"line":68,"column":30},"end":{"line":68,"column":null}},"17":{"start":{"line":70,"column":4},"end":{"line":82,"column":null}},"18":{"start":{"line":71,"column":19},"end":{"line":71,"column":null}},"19":{"start":{"line":72,"column":27},"end":{"line":72,"column":null}},"20":{"start":{"line":74,"column":6},"end":{"line":76,"column":null}},"21":{"start":{"line":75,"column":8},"end":{"line":75,"column":null}},"22":{"start":{"line":78,"column":6},"end":{"line":81,"column":null}},"23":{"start":{"line":79,"column":8},"end":{"line":79,"column":null}},"24":{"start":{"line":80,"column":8},"end":{"line":80,"column":null}},"25":{"start":{"line":84,"column":30},"end":{"line":84,"column":null}},"26":{"start":{"line":86,"column":26},"end":{"line":86,"column":null}},"27":{"start":{"line":87,"column":32},"end":{"line":87,"column":null}},"28":{"start":{"line":88,"column":24},"end":{"line":88,"column":null}},"29":{"start":{"line":89,"column":25},"end":{"line":89,"column":null}},"30":{"start":{"line":90,"column":4},"end":{"line":90,"column":null}},"31":{"start":{"line":92,"column":23},"end":{"line":94,"column":null}},"32":{"start":{"line":96,"column":4},"end":{"line":106,"column":null}},"33":{"start":{"line":110,"column":4},"end":{"line":110,"column":null}}},"fnMap":{"0":{"name":"isValidCoordinate","decl":{"start":{"line":12,"column":16},"end":{"line":12,"column":34}},"loc":{"start":{"line":12,"column":80},"end":{"line":23,"column":null}},"line":12},"1":{"name":"calculateDistanceMeters","decl":{"start":{"line":30,"column":9},"end":{"line":30,"column":33}},"loc":{"start":{"line":30,"column":97},"end":{"line":46,"column":null}},"line":30},"2":{"name":"monitorCoordinates","decl":{"start":{"line":48,"column":9},"end":{"line":48,"column":null}},"loc":{"start":{"line":53,"column":20},"end":{"line":107,"column":null}},"line":53},"3":{"name":"(anonymous_3)","decl":{"start":{"line":65,"column":44},"end":{"line":65,"column":45}},"loc":{"start":{"line":65,"column":51},"end":{"line":65,"column":108}},"line":65},"4":{"name":"resetState","decl":{"start":{"line":109,"column":9},"end":{"line":109,"column":20}},"loc":{"start":{"line":109,"column":41},"end":{"line":111,"column":null}},"line":109}},"branchMap":{"0":{"loc":{"start":{"line":14,"column":4},"end":{"line":21,"column":null}},"type":"binary-expr","locations":[{"start":{"line":14,"column":4},"end":{"line":14,"column":null}},{"start":{"line":15,"column":4},"end":{"line":15,"column":null}},{"start":{"line":16,"column":4},"end":{"line":16,"column":null}},{"start":{"line":17,"column":4},"end":{"line":17,"column":null}},{"start":{"line":18,"column":4},"end":{"line":18,"column":null}},{"start":{"line":19,"column":4},"end":{"line":19,"column":null}},{"start":{"line":20,"column":4},"end":{"line":20,"column":null}},{"start":{"line":21,"column":4},"end":{"line":21,"column":null}}],"line":14},"1":{"loc":{"start":{"line":31,"column":4},"end":{"line":33,"column":null}},"type":"if","locations":[{"start":{"line":31,"column":4},"end":{"line":33,"column":null}},{"start":{},"end":{}}],"line":31},"2":{"loc":{"start":{"line":31,"column":8},"end":{"line":31,"column":74}},"type":"binary-expr","locations":[{"start":{"line":31,"column":8},"end":{"line":31,"column":42}},{"start":{"line":31,"column":42},"end":{"line":31,"column":74}}],"line":31},"3":{"loc":{"start":{"line":54,"column":4},"end":{"line":63,"column":null}},"type":"if","locations":[{"start":{"line":54,"column":4},"end":{"line":63,"column":null}},{"start":{},"end":{}}],"line":54},"4":{"loc":{"start":{"line":65,"column":51},"end":{"line":65,"column":108}},"type":"binary-expr","locations":[{"start":{"line":65,"column":51},"end":{"line":65,"column":66}},{"start":{"line":65,"column":66},"end":{"line":65,"column":108}}],"line":65},"5":{"loc":{"start":{"line":74,"column":6},"end":{"line":76,"column":null}},"type":"if","locations":[{"start":{"line":74,"column":6},"end":{"line":76,"column":null}},{"start":{},"end":{}}],"line":74},"6":{"loc":{"start":{"line":78,"column":6},"end":{"line":81,"column":null}},"type":"if","locations":[{"start":{"line":78,"column":6},"end":{"line":81,"column":null}},{"start":{},"end":{}}],"line":78},"7":{"loc":{"start":{"line":78,"column":10},"end":{"line":78,"column":70}},"type":"binary-expr","locations":[{"start":{"line":78,"column":10},"end":{"line":78,"column":31}},{"start":{"line":78,"column":31},"end":{"line":78,"column":70}}],"line":78},"8":{"loc":{"start":{"line":88,"column":24},"end":{"line":88,"column":null}},"type":"binary-expr","locations":[{"start":{"line":88,"column":24},"end":{"line":88,"column":47}},{"start":{"line":88,"column":47},"end":{"line":88,"column":73}},{"start":{"line":88,"column":73},"end":{"line":88,"column":null}}],"line":88},"9":{"loc":{"start":{"line":89,"column":25},"end":{"line":89,"column":null}},"type":"binary-expr","locations":[{"start":{"line":89,"column":25},"end":{"line":89,"column":48}},{"start":{"line":89,"column":48},"end":{"line":89,"column":75}},{"start":{"line":89,"column":75},"end":{"line":89,"column":null}}],"line":89},"10":{"loc":{"start":{"line":92,"column":23},"end":{"line":94,"column":null}},"type":"cond-expr","locations":[{"start":{"line":93,"column":8},"end":{"line":93,"column":null}},{"start":{"line":94,"column":8},"end":{"line":94,"column":null}}],"line":92},"11":{"loc":{"start":{"line":93,"column":19},"end":{"line":93,"column":50}},"type":"binary-expr","locations":[{"start":{"line":93,"column":19},"end":{"line":93,"column":39}},{"start":{"line":93,"column":39},"end":{"line":93,"column":50}}],"line":93},"12":{"loc":{"start":{"line":100,"column":8},"end":{"line":102,"column":null}},"type":"cond-expr","locations":[{"start":{"line":101,"column":12},"end":{"line":101,"column":null}},{"start":{"line":102,"column":12},"end":{"line":102,"column":null}}],"line":100},"13":{"loc":{"start":{"line":100,"column":8},"end":{"line":100,"column":null}},"type":"binary-expr","locations":[{"start":{"line":100,"column":8},"end":{"line":100,"column":37}},{"start":{"line":100,"column":37},"end":{"line":100,"column":null}}],"line":100}},"s":{"0":63,"1":14,"2":16,"3":2,"4":14,"5":14,"6":14,"7":14,"8":14,"9":14,"10":15,"11":1,"12":14,"13":13,"14":14,"15":14,"16":14,"17":14,"18":12,"19":12,"20":12,"21":12,"22":12,"23":7,"24":7,"25":14,"26":14,"27":14,"28":14,"29":15,"30":15,"31":15,"32":15,"33":1},"f":{"0":63,"1":16,"2":15,"3":13,"4":1},"b":{"0":[63,63,63,61,61,61,58,57],"1":[2,14],"2":[16,15],"3":[1,14],"4":[13,12],"5":[12,0],"6":[7,5],"7":[12,7],"8":[14,4,2],"9":[15,4,2],"10":[7,7],"11":[7,0],"12":[2,12],"13":[15,12]},"meta":{"lastBranch":14,"lastFunction":5,"lastStatement":34,"seen":{"f:12:16:12:34":0,"s:13:2:21:Infinity":0,"b:14:4:14:Infinity:15:4:15:Infinity:16:4:16:Infinity:17:4:17:Infinity:18:4:18:Infinity:19:4:19:Infinity:20:4:20:Infinity:21:4:21:Infinity":0,"s:28:53:28:Infinity":1,"f:30:9:30:33":1,"b:31:4:33:Infinity:undefined:undefined:undefined:undefined":1,"s:31:4:33:Infinity":2,"b:31:8:31:42:31:42:31:74":2,"s:32:6:32:Infinity":3,"s:35:14:35:Infinity":4,"s:36:10:36:Infinity":5,"s:37:10:37:Infinity":6,"s:39:6:43:Infinity":7,"s:44:14:44:Infinity":8,"s:45:4:45:Infinity":9,"f:48:9:48:Infinity":2,"b:54:4:63:Infinity:undefined:undefined:undefined:undefined":3,"s:54:4:63:Infinity":10,"s:55:6:62:Infinity":11,"s:65:25:65:Infinity":12,"f:65:44:65:45":3,"s:65:51:65:108":13,"b:65:51:65:66:65:66:65:108":4,"s:66:42:66:Infinity":14,"s:67:33:67:Infinity":15,"s:68:30:68:Infinity":16,"s:70:4:82:Infinity":17,"s:71:19:71:Infinity":18,"s:72:27:72:Infinity":19,"b:74:6:76:Infinity:undefined:undefined:undefined:undefined":5,"s:74:6:76:Infinity":20,"s:75:8:75:Infinity":21,"b:78:6:81:Infinity:undefined:undefined:undefined:undefined":6,"s:78:6:81:Infinity":22,"b:78:10:78:31:78:31:78:70":7,"s:79:8:79:Infinity":23,"s:80:8:80:Infinity":24,"s:84:30:84:Infinity":25,"s:86:26:86:Infinity":26,"s:87:32:87:Infinity":27,"s:88:24:88:Infinity":28,"b:88:24:88:47:88:47:88:73:88:73:88:Infinity":8,"s:89:25:89:Infinity":29,"b:89:25:89:48:89:48:89:75:89:75:89:Infinity":9,"s:90:4:90:Infinity":30,"s:92:23:94:Infinity":31,"b:93:8:93:Infinity:94:8:94:Infinity":10,"b:93:19:93:39:93:39:93:50":11,"s:96:4:106:Infinity":32,"b:101:12:101:Infinity:102:12:102:Infinity":12,"b:100:8:100:37:100:37:100:Infinity":13,"f:109:9:109:20":4,"s:110:4:110:Infinity":33},"fnNames":{}}}
,"/app/applet/src/domain/risk/DecisionEngine.ts": {"path":"/app/applet/src/domain/risk/DecisionEngine.ts","statementMap":{"0":{"start":{"line":3,"column":31},"end":{"line":8,"column":null}},"1":{"start":{"line":11,"column":22},"end":{"line":11,"column":null}},"2":{"start":{"line":14,"column":4},"end":{"line":16,"column":null}},"3":{"start":{"line":15,"column":6},"end":{"line":15,"column":null}},"4":{"start":{"line":17,"column":4},"end":{"line":17,"column":null}},"5":{"start":{"line":21,"column":21},"end":{"line":21,"column":null}},"6":{"start":{"line":22,"column":39},"end":{"line":22,"column":null}},"7":{"start":{"line":24,"column":27},"end":{"line":28,"column":null}},"8":{"start":{"line":25,"column":6},"end":{"line":27,"column":null}},"9":{"start":{"line":26,"column":8},"end":{"line":26,"column":null}},"10":{"start":{"line":30,"column":4},"end":{"line":30,"column":null}},"11":{"start":{"line":31,"column":4},"end":{"line":31,"column":null}},"12":{"start":{"line":32,"column":4},"end":{"line":32,"column":null}},"13":{"start":{"line":33,"column":4},"end":{"line":33,"column":null}},"14":{"start":{"line":34,"column":4},"end":{"line":34,"column":null}},"15":{"start":{"line":35,"column":4},"end":{"line":35,"column":null}},"16":{"start":{"line":37,"column":4},"end":{"line":37,"column":null}},"17":{"start":{"line":38,"column":4},"end":{"line":38,"column":null}},"18":{"start":{"line":42,"column":18},"end":{"line":42,"column":null}},"19":{"start":{"line":43,"column":20},"end":{"line":43,"column":null}},"20":{"start":{"line":45,"column":4},"end":{"line":45,"column":null}},"21":{"start":{"line":45,"column":51},"end":{"line":45,"column":null}},"22":{"start":{"line":46,"column":4},"end":{"line":46,"column":null}},"23":{"start":{"line":46,"column":48},"end":{"line":46,"column":null}},"24":{"start":{"line":47,"column":4},"end":{"line":47,"column":null}},"25":{"start":{"line":47,"column":45},"end":{"line":47,"column":null}},"26":{"start":{"line":48,"column":4},"end":{"line":52,"column":null}},"27":{"start":{"line":49,"column":6},"end":{"line":49,"column":null}},"28":{"start":{"line":50,"column":6},"end":{"line":50,"column":null}},"29":{"start":{"line":51,"column":6},"end":{"line":51,"column":null}},"30":{"start":{"line":53,"column":4},"end":{"line":53,"column":null}},"31":{"start":{"line":57,"column":4},"end":{"line":57,"column":null}}},"fnMap":{"0":{"name":"sanitizeScore","decl":{"start":{"line":13,"column":10},"end":{"line":13,"column":24}},"loc":{"start":{"line":13,"column":47},"end":{"line":18,"column":null}},"line":13},"1":{"name":"decide","decl":{"start":{"line":20,"column":9},"end":{"line":20,"column":16}},"loc":{"start":{"line":20,"column":48},"end":{"line":39,"column":null}},"line":20},"2":{"name":"(anonymous_2)","decl":{"start":{"line":24,"column":27},"end":{"line":24,"column":28}},"loc":{"start":{"line":24,"column":70},"end":{"line":28,"column":null}},"line":24},"3":{"name":"activeActionsFor","decl":{"start":{"line":41,"column":9},"end":{"line":41,"column":26}},"loc":{"start":{"line":41,"column":61},"end":{"line":54,"column":null}},"line":41},"4":{"name":"reset","decl":{"start":{"line":56,"column":9},"end":{"line":56,"column":23}},"loc":{"start":{"line":56,"column":23},"end":{"line":58,"column":null}},"line":56}},"branchMap":{"0":{"loc":{"start":{"line":14,"column":4},"end":{"line":16,"column":null}},"type":"if","locations":[{"start":{"line":14,"column":4},"end":{"line":16,"column":null}},{"start":{},"end":{}}],"line":14},"1":{"loc":{"start":{"line":14,"column":8},"end":{"line":14,"column":85}},"type":"binary-expr","locations":[{"start":{"line":14,"column":8},"end":{"line":14,"column":37}},{"start":{"line":14,"column":37},"end":{"line":14,"column":60}},{"start":{"line":14,"column":60},"end":{"line":14,"column":85}}],"line":14},"2":{"loc":{"start":{"line":25,"column":6},"end":{"line":27,"column":null}},"type":"if","locations":[{"start":{"line":25,"column":6},"end":{"line":27,"column":null}},{"start":{},"end":{}}],"line":25},"3":{"loc":{"start":{"line":25,"column":10},"end":{"line":25,"column":63}},"type":"binary-expr","locations":[{"start":{"line":25,"column":10},"end":{"line":25,"column":35}},{"start":{"line":25,"column":35},"end":{"line":25,"column":63}}],"line":25},"4":{"loc":{"start":{"line":45,"column":4},"end":{"line":45,"column":null}},"type":"if","locations":[{"start":{"line":45,"column":4},"end":{"line":45,"column":null}},{"start":{},"end":{}}],"line":45},"5":{"loc":{"start":{"line":46,"column":4},"end":{"line":46,"column":null}},"type":"if","locations":[{"start":{"line":46,"column":4},"end":{"line":46,"column":null}},{"start":{},"end":{}}],"line":46},"6":{"loc":{"start":{"line":47,"column":4},"end":{"line":47,"column":null}},"type":"if","locations":[{"start":{"line":47,"column":4},"end":{"line":47,"column":null}},{"start":{},"end":{}}],"line":47},"7":{"loc":{"start":{"line":48,"column":4},"end":{"line":52,"column":null}},"type":"if","locations":[{"start":{"line":48,"column":4},"end":{"line":52,"column":null}},{"start":{},"end":{}}],"line":48}},"s":{"0":2,"1":16,"2":22040,"3":44,"4":21996,"5":11015,"6":11015,"7":11015,"8":66090,"9":13935,"10":11015,"11":11015,"12":11015,"13":11015,"14":11015,"15":11015,"16":11015,"17":11015,"18":11025,"19":11025,"20":11025,"21":8974,"22":11025,"23":6559,"24":11025,"25":3662,"26":11025,"27":1717,"28":1717,"29":1717,"30":11025,"31":1},"f":{"0":22040,"1":11015,"2":66090,"3":11025,"4":1},"b":{"0":[44,21996],"1":[22040,22002,22000],"2":[13935,52155],"3":[66090,24299],"4":[8974,2051],"5":[6559,4466],"6":[3662,7363],"7":[1717,9308]},"meta":{"lastBranch":8,"lastFunction":5,"lastStatement":32,"seen":{"s:3:31:8:Infinity":0,"s:11:22:11:Infinity":1,"f:13:10:13:24":0,"b:14:4:16:Infinity:undefined:undefined:undefined:undefined":0,"s:14:4:16:Infinity":2,"b:14:8:14:37:14:37:14:60:14:60:14:85":1,"s:15:6:15:Infinity":3,"s:17:4:17:Infinity":4,"f:20:9:20:16":1,"s:21:21:21:Infinity":5,"s:22:39:22:Infinity":6,"s:24:27:28:Infinity":7,"f:24:27:24:28":2,"b:25:6:27:Infinity:undefined:undefined:undefined:undefined":2,"s:25:6:27:Infinity":8,"b:25:10:25:35:25:35:25:63":3,"s:26:8:26:Infinity":9,"s:30:4:30:Infinity":10,"s:31:4:31:Infinity":11,"s:32:4:32:Infinity":12,"s:33:4:33:Infinity":13,"s:34:4:34:Infinity":14,"s:35:4:35:Infinity":15,"s:37:4:37:Infinity":16,"s:38:4:38:Infinity":17,"f:41:9:41:26":3,"s:42:18:42:Infinity":18,"s:43:20:43:Infinity":19,"b:45:4:45:Infinity:undefined:undefined:undefined:undefined":4,"s:45:4:45:Infinity":20,"s:45:51:45:Infinity":21,"b:46:4:46:Infinity:undefined:undefined:undefined:undefined":5,"s:46:4:46:Infinity":22,"s:46:48:46:Infinity":23,"b:47:4:47:Infinity:undefined:undefined:undefined:undefined":6,"s:47:4:47:Infinity":24,"s:47:45:47:Infinity":25,"b:48:4:52:Infinity:undefined:undefined:undefined:undefined":7,"s:48:4:52:Infinity":26,"s:49:6:49:Infinity":27,"s:50:6:50:Infinity":28,"s:51:6:51:Infinity":29,"s:53:4:53:Infinity":30,"f:56:9:56:23":4,"s:57:4:57:Infinity":31},"fnNames":{}}}
,"/app/applet/src/domain/risk/RiskEngine.ts": {"path":"/app/applet/src/domain/risk/RiskEngine.ts","statementMap":{"0":{"start":{"line":3,"column":32},"end":{"line":11,"column":null}},"1":{"start":{"line":25,"column":55},"end":{"line":33,"column":null}},"2":{"start":{"line":36,"column":26},"end":{"line":36,"column":null}},"3":{"start":{"line":40,"column":4},"end":{"line":40,"column":null}},"4":{"start":{"line":44,"column":4},"end":{"line":44,"column":null}},"5":{"start":{"line":48,"column":4},"end":{"line":48,"column":null}},"6":{"start":{"line":52,"column":4},"end":{"line":54,"column":null}},"7":{"start":{"line":53,"column":6},"end":{"line":53,"column":null}},"8":{"start":{"line":55,"column":4},"end":{"line":55,"column":null}},"9":{"start":{"line":56,"column":4},"end":{"line":56,"column":null}},"10":{"start":{"line":60,"column":4},"end":{"line":62,"column":null}},"11":{"start":{"line":61,"column":6},"end":{"line":61,"column":null}},"12":{"start":{"line":66,"column":4},"end":{"line":66,"column":null}},"13":{"start":{"line":70,"column":4},"end":{"line":70,"column":null}},"14":{"start":{"line":70,"column":31},"end":{"line":70,"column":null}},"15":{"start":{"line":71,"column":4},"end":{"line":88,"column":null}},"16":{"start":{"line":73,"column":8},"end":{"line":73,"column":null}},"17":{"start":{"line":75,"column":8},"end":{"line":75,"column":null}},"18":{"start":{"line":77,"column":8},"end":{"line":77,"column":null}},"19":{"start":{"line":79,"column":8},"end":{"line":79,"column":null}},"20":{"start":{"line":81,"column":8},"end":{"line":81,"column":null}},"21":{"start":{"line":83,"column":8},"end":{"line":83,"column":null}},"22":{"start":{"line":85,"column":8},"end":{"line":85,"column":null}},"23":{"start":{"line":87,"column":8},"end":{"line":87,"column":null}}},"fnMap":{"0":{"name":"constructor","decl":{"start":{"line":39,"column":2},"end":{"line":39,"column":14}},"loc":{"start":{"line":39,"column":62},"end":{"line":41,"column":null}},"line":39},"1":{"name":"currentScore","decl":{"start":{"line":43,"column":13},"end":{"line":43,"column":36}},"loc":{"start":{"line":43,"column":36},"end":{"line":45,"column":null}},"line":43},"2":{"name":"currentWeights","decl":{"start":{"line":47,"column":13},"end":{"line":47,"column":49}},"loc":{"start":{"line":47,"column":49},"end":{"line":49,"column":null}},"line":47},"3":{"name":"applyEvents","decl":{"start":{"line":51,"column":9},"end":{"line":51,"column":21}},"loc":{"start":{"line":51,"column":54},"end":{"line":57,"column":null}},"line":51},"4":{"name":"decay","decl":{"start":{"line":59,"column":9},"end":{"line":59,"column":23}},"loc":{"start":{"line":59,"column":23},"end":{"line":63,"column":null}},"line":59},"5":{"name":"resetToSafe","decl":{"start":{"line":65,"column":9},"end":{"line":65,"column":29}},"loc":{"start":{"line":65,"column":29},"end":{"line":67,"column":null}},"line":65},"6":{"name":"scoreFor","decl":{"start":{"line":69,"column":10},"end":{"line":69,"column":19}},"loc":{"start":{"line":69,"column":49},"end":{"line":89,"column":null}},"line":69}},"branchMap":{"0":{"loc":{"start":{"line":39,"column":14},"end":{"line":39,"column":62}},"type":"default-arg","locations":[{"start":{"line":39,"column":58},"end":{"line":39,"column":62}}],"line":39},"1":{"loc":{"start":{"line":60,"column":4},"end":{"line":62,"column":null}},"type":"if","locations":[{"start":{"line":60,"column":4},"end":{"line":62,"column":null}},{"start":{},"end":{}}],"line":60},"2":{"loc":{"start":{"line":70,"column":4},"end":{"line":70,"column":null}},"type":"if","locations":[{"start":{"line":70,"column":4},"end":{"line":70,"column":null}},{"start":{},"end":{}}],"line":70},"3":{"loc":{"start":{"line":70,"column":8},"end":{"line":70,"column":31}},"type":"binary-expr","locations":[{"start":{"line":70,"column":8},"end":{"line":70,"column":18}},{"start":{"line":70,"column":18},"end":{"line":70,"column":31}}],"line":70},"4":{"loc":{"start":{"line":71,"column":4},"end":{"line":88,"column":null}},"type":"switch","locations":[{"start":{"line":72,"column":6},"end":{"line":73,"column":null}},{"start":{"line":74,"column":6},"end":{"line":75,"column":null}},{"start":{"line":76,"column":6},"end":{"line":77,"column":null}},{"start":{"line":78,"column":6},"end":{"line":79,"column":null}},{"start":{"line":80,"column":6},"end":{"line":81,"column":null}},{"start":{"line":82,"column":6},"end":{"line":83,"column":null}},{"start":{"line":84,"column":6},"end":{"line":85,"column":null}},{"start":{"line":86,"column":6},"end":{"line":87,"column":null}}],"line":71}},"s":{"0":2,"1":2,"2":20,"3":20,"4":26,"5":2,"6":14,"7":19,"8":14,"9":14,"10":12,"11":6,"12":1,"13":19,"14":5,"15":14,"16":4,"17":2,"18":0,"19":0,"20":0,"21":1,"22":5,"23":2},"f":{"0":20,"1":26,"2":2,"3":14,"4":12,"5":1,"6":19},"b":{"0":[20],"1":[6,6],"2":[5,14],"3":[19,17],"4":[4,2,0,0,0,1,5,2]},"meta":{"lastBranch":5,"lastFunction":7,"lastStatement":24,"seen":{"s:3:32:11:Infinity":0,"s:25:55:33:Infinity":1,"s:36:26:36:Infinity":2,"f:39:2:39:14":0,"b:39:58:39:62":0,"s:40:4:40:Infinity":3,"f:43:13:43:36":1,"s:44:4:44:Infinity":4,"f:47:13:47:49":2,"s:48:4:48:Infinity":5,"f:51:9:51:21":3,"s:52:4:54:Infinity":6,"s:53:6:53:Infinity":7,"s:55:4:55:Infinity":8,"s:56:4:56:Infinity":9,"f:59:9:59:23":4,"b:60:4:62:Infinity:undefined:undefined:undefined:undefined":1,"s:60:4:62:Infinity":10,"s:61:6:61:Infinity":11,"f:65:9:65:29":5,"s:66:4:66:Infinity":12,"f:69:10:69:19":6,"b:70:4:70:Infinity:undefined:undefined:undefined:undefined":2,"s:70:4:70:Infinity":13,"b:70:8:70:18:70:18:70:31":3,"s:70:31:70:Infinity":14,"b:72:6:73:Infinity:74:6:75:Infinity:76:6:77:Infinity:78:6:79:Infinity:80:6:81:Infinity:82:6:83:Infinity:84:6:85:Infinity:86:6:87:Infinity":4,"s:71:4:88:Infinity":15,"s:73:8:73:Infinity":16,"s:75:8:75:Infinity":17,"s:77:8:77:Infinity":18,"s:79:8:79:Infinity":19,"s:81:8:81:Infinity":20,"s:83:8:83:Infinity":21,"s:85:8:85:Infinity":22,"s:87:8:87:Infinity":23},"fnNames":{}}}
,"/app/applet/src/services/LocationService.ts": {"path":"/app/applet/src/services/LocationService.ts","statementMap":{"0":{"start":{"line":23,"column":35},"end":{"line":23,"column":null}},"1":{"start":{"line":24,"column":66},"end":{"line":24,"column":null}},"2":{"start":{"line":25,"column":48},"end":{"line":25,"column":null}},"3":{"start":{"line":26,"column":50},"end":{"line":26,"column":null}},"4":{"start":{"line":27,"column":23},"end":{"line":27,"column":null}},"5":{"start":{"line":29,"column":50},"end":{"line":29,"column":null}},"6":{"start":{"line":30,"column":44},"end":{"line":30,"column":null}},"7":{"start":{"line":31,"column":52},"end":{"line":31,"column":null}},"8":{"start":{"line":40,"column":4},"end":{"line":46,"column":null}},"9":{"start":{"line":41,"column":6},"end":{"line":41,"column":null}},"10":{"start":{"line":42,"column":4},"end":{"line":46,"column":null}},"11":{"start":{"line":43,"column":6},"end":{"line":43,"column":null}},"12":{"start":{"line":45,"column":6},"end":{"line":45,"column":null}},"13":{"start":{"line":50,"column":4},"end":{"line":50,"column":null}},"14":{"start":{"line":54,"column":4},"end":{"line":54,"column":null}},"15":{"start":{"line":64,"column":4},"end":{"line":64,"column":null}},"16":{"start":{"line":66,"column":4},"end":{"line":71,"column":null}},"17":{"start":{"line":67,"column":18},"end":{"line":67,"column":null}},"18":{"start":{"line":68,"column":6},"end":{"line":68,"column":null}},"19":{"start":{"line":69,"column":6},"end":{"line":69,"column":null}},"20":{"start":{"line":69,"column":19},"end":{"line":69,"column":null}},"21":{"start":{"line":70,"column":6},"end":{"line":70,"column":null}},"22":{"start":{"line":73,"column":4},"end":{"line":73,"column":null}},"23":{"start":{"line":74,"column":4},"end":{"line":74,"column":null}},"24":{"start":{"line":75,"column":4},"end":{"line":75,"column":null}},"25":{"start":{"line":76,"column":4},"end":{"line":76,"column":null}},"26":{"start":{"line":78,"column":22},"end":{"line":78,"column":null}},"27":{"start":{"line":79,"column":25},"end":{"line":79,"column":null}},"28":{"start":{"line":81,"column":40},"end":{"line":85,"column":null}},"29":{"start":{"line":87,"column":4},"end":{"line":87,"column":null}},"30":{"start":{"line":89,"column":4},"end":{"line":99,"column":null}},"31":{"start":{"line":90,"column":6},"end":{"line":94,"column":null}},"32":{"start":{"line":91,"column":17},"end":{"line":91,"column":null}},"33":{"start":{"line":92,"column":17},"end":{"line":92,"column":null}},"34":{"start":{"line":95,"column":6},"end":{"line":95,"column":null}},"35":{"start":{"line":97,"column":6},"end":{"line":97,"column":null}},"36":{"start":{"line":98,"column":6},"end":{"line":98,"column":null}},"37":{"start":{"line":107,"column":4},"end":{"line":110,"column":null}},"38":{"start":{"line":108,"column":6},"end":{"line":108,"column":null}},"39":{"start":{"line":109,"column":6},"end":{"line":109,"column":null}},"40":{"start":{"line":112,"column":4},"end":{"line":112,"column":null}},"41":{"start":{"line":113,"column":4},"end":{"line":113,"column":null}},"42":{"start":{"line":114,"column":4},"end":{"line":114,"column":null}},"43":{"start":{"line":115,"column":4},"end":{"line":115,"column":null}},"44":{"start":{"line":116,"column":4},"end":{"line":116,"column":null}},"45":{"start":{"line":117,"column":4},"end":{"line":117,"column":null}},"46":{"start":{"line":121,"column":4},"end":{"line":121,"column":null}},"47":{"start":{"line":121,"column":26},"end":{"line":121,"column":null}},"48":{"start":{"line":123,"column":4},"end":{"line":123,"column":null}},"49":{"start":{"line":125,"column":53},"end":{"line":125,"column":null}},"50":{"start":{"line":126,"column":19},"end":{"line":126,"column":null}},"51":{"start":{"line":128,"column":4},"end":{"line":139,"column":null}},"52":{"start":{"line":129,"column":6},"end":{"line":129,"column":null}},"53":{"start":{"line":130,"column":4},"end":{"line":139,"column":null}},"54":{"start":{"line":131,"column":26},"end":{"line":131,"column":null}},"55":{"start":{"line":132,"column":12},"end":{"line":132,"column":null}},"56":{"start":{"line":133,"column":12},"end":{"line":136,"column":null}},"57":{"start":{"line":137,"column":25},"end":{"line":137,"column":null}},"58":{"start":{"line":138,"column":6},"end":{"line":138,"column":null}},"59":{"start":{"line":142,"column":41},"end":{"line":142,"column":null}},"60":{"start":{"line":143,"column":4},"end":{"line":143,"column":null}},"61":{"start":{"line":145,"column":42},"end":{"line":152,"column":null}},"62":{"start":{"line":154,"column":4},"end":{"line":154,"column":null}},"63":{"start":{"line":156,"column":4},"end":{"line":158,"column":null}},"64":{"start":{"line":157,"column":6},"end":{"line":157,"column":null}},"65":{"start":{"line":162,"column":4},"end":{"line":162,"column":null}},"66":{"start":{"line":162,"column":26},"end":{"line":162,"column":null}},"67":{"start":{"line":164,"column":4},"end":{"line":164,"column":null}},"68":{"start":{"line":167,"column":4},"end":{"line":167,"column":null}},"69":{"start":{"line":170,"column":4},"end":{"line":177,"column":null}},"70":{"start":{"line":171,"column":44},"end":{"line":175,"column":null}},"71":{"start":{"line":176,"column":6},"end":{"line":176,"column":null}},"72":{"start":{"line":179,"column":4},"end":{"line":181,"column":null}},"73":{"start":{"line":180,"column":6},"end":{"line":180,"column":null}},"74":{"start":{"line":185,"column":4},"end":{"line":185,"column":null}},"75":{"start":{"line":186,"column":4},"end":{"line":190,"column":null}},"76":{"start":{"line":187,"column":6},"end":{"line":189,"column":null}},"77":{"start":{"line":188,"column":8},"end":{"line":188,"column":null}},"78":{"start":{"line":194,"column":4},"end":{"line":197,"column":null}},"79":{"start":{"line":195,"column":6},"end":{"line":195,"column":null}},"80":{"start":{"line":196,"column":6},"end":{"line":196,"column":null}},"81":{"start":{"line":201,"column":4},"end":{"line":206,"column":null}},"82":{"start":{"line":202,"column":6},"end":{"line":202,"column":null}},"83":{"start":{"line":203,"column":6},"end":{"line":205,"column":null}},"84":{"start":{"line":204,"column":8},"end":{"line":204,"column":null}},"85":{"start":{"line":210,"column":31},"end":{"line":210,"column":null}}},"fnMap":{"0":{"name":"getDynamicIntervalMs","decl":{"start":{"line":39,"column":16},"end":{"line":39,"column":37}},"loc":{"start":{"line":39,"column":63},"end":{"line":47,"column":null}},"line":39},"1":{"name":"isTrackingActive","decl":{"start":{"line":49,"column":9},"end":{"line":49,"column":37}},"loc":{"start":{"line":49,"column":37},"end":{"line":51,"column":null}},"line":49},"2":{"name":"getCurrentSignalSource","decl":{"start":{"line":53,"column":9},"end":{"line":53,"column":56}},"loc":{"start":{"line":53,"column":56},"end":{"line":55,"column":null}},"line":53},"3":{"name":"startTracking","decl":{"start":{"line":57,"column":9},"end":{"line":57,"column":null}},"loc":{"start":{"line":62,"column":13},"end":{"line":100,"column":null}},"line":62},"4":{"name":"(anonymous_4)","decl":{"start":{"line":91,"column":8},"end":{"line":91,"column":9}},"loc":{"start":{"line":91,"column":17},"end":{"line":91,"column":null}},"line":91},"5":{"name":"(anonymous_5)","decl":{"start":{"line":92,"column":8},"end":{"line":92,"column":9}},"loc":{"start":{"line":92,"column":17},"end":{"line":92,"column":null}},"line":92},"6":{"name":"stopTracking","decl":{"start":{"line":106,"column":9},"end":{"line":106,"column":30}},"loc":{"start":{"line":106,"column":30},"end":{"line":118,"column":null}},"line":106},"7":{"name":"handleSuccess","decl":{"start":{"line":120,"column":10},"end":{"line":120,"column":24}},"loc":{"start":{"line":120,"column":78},"end":{"line":159,"column":null}},"line":120},"8":{"name":"handleError","decl":{"start":{"line":161,"column":10},"end":{"line":161,"column":22}},"loc":{"start":{"line":161,"column":89},"end":{"line":182,"column":null}},"line":161},"9":{"name":"resetSignalLossTimer","decl":{"start":{"line":184,"column":10},"end":{"line":184,"column":31}},"loc":{"start":{"line":184,"column":58},"end":{"line":191,"column":null}},"line":184},"10":{"name":"(anonymous_10)","decl":{"start":{"line":186,"column":38},"end":{"line":186,"column":44}},"loc":{"start":{"line":186,"column":44},"end":{"line":190,"column":7}},"line":186},"11":{"name":"clearSignalLossTimer","decl":{"start":{"line":193,"column":10},"end":{"line":193,"column":39}},"loc":{"start":{"line":193,"column":39},"end":{"line":198,"column":null}},"line":193},"12":{"name":"updateSignalStatus","decl":{"start":{"line":200,"column":10},"end":{"line":200,"column":29}},"loc":{"start":{"line":200,"column":68},"end":{"line":207,"column":null}},"line":200}},"branchMap":{"0":{"loc":{"start":{"line":40,"column":4},"end":{"line":46,"column":null}},"type":"if","locations":[{"start":{"line":40,"column":4},"end":{"line":46,"column":null}},{"start":{"line":42,"column":4},"end":{"line":46,"column":null}}],"line":40},"1":{"loc":{"start":{"line":40,"column":8},"end":{"line":40,"column":75}},"type":"binary-expr","locations":[{"start":{"line":40,"column":8},"end":{"line":40,"column":40}},{"start":{"line":40,"column":40},"end":{"line":40,"column":59}},{"start":{"line":40,"column":59},"end":{"line":40,"column":75}}],"line":40},"2":{"loc":{"start":{"line":42,"column":4},"end":{"line":46,"column":null}},"type":"if","locations":[{"start":{"line":42,"column":4},"end":{"line":46,"column":null}},{"start":{"line":44,"column":11},"end":{"line":46,"column":null}}],"line":42},"3":{"loc":{"start":{"line":61,"column":4},"end":{"line":61,"column":null}},"type":"default-arg","locations":[{"start":{"line":61,"column":38},"end":{"line":61,"column":null}}],"line":61},"4":{"loc":{"start":{"line":66,"column":4},"end":{"line":71,"column":null}},"type":"if","locations":[{"start":{"line":66,"column":4},"end":{"line":71,"column":null}},{"start":{},"end":{}}],"line":66},"5":{"loc":{"start":{"line":69,"column":6},"end":{"line":69,"column":null}},"type":"if","locations":[{"start":{"line":69,"column":6},"end":{"line":69,"column":null}},{"start":{},"end":{}}],"line":69},"6":{"loc":{"start":{"line":75,"column":21},"end":{"line":75,"column":null}},"type":"binary-expr","locations":[{"start":{"line":75,"column":21},"end":{"line":75,"column":32}},{"start":{"line":75,"column":32},"end":{"line":75,"column":null}}],"line":75},"7":{"loc":{"start":{"line":76,"column":22},"end":{"line":76,"column":null}},"type":"binary-expr","locations":[{"start":{"line":76,"column":22},"end":{"line":76,"column":46}},{"start":{"line":76,"column":46},"end":{"line":76,"column":null}}],"line":76},"8":{"loc":{"start":{"line":78,"column":22},"end":{"line":78,"column":null}},"type":"binary-expr","locations":[{"start":{"line":78,"column":22},"end":{"line":78,"column":46}},{"start":{"line":78,"column":46},"end":{"line":78,"column":null}}],"line":78},"9":{"loc":{"start":{"line":79,"column":25},"end":{"line":79,"column":null}},"type":"binary-expr","locations":[{"start":{"line":79,"column":25},"end":{"line":79,"column":58}},{"start":{"line":79,"column":58},"end":{"line":79,"column":null}}],"line":79},"10":{"loc":{"start":{"line":82,"column":26},"end":{"line":82,"column":null}},"type":"binary-expr","locations":[{"start":{"line":82,"column":26},"end":{"line":82,"column":56}},{"start":{"line":82,"column":56},"end":{"line":82,"column":null}}],"line":82},"11":{"loc":{"start":{"line":107,"column":4},"end":{"line":110,"column":null}},"type":"if","locations":[{"start":{"line":107,"column":4},"end":{"line":110,"column":null}},{"start":{},"end":{}}],"line":107},"12":{"loc":{"start":{"line":107,"column":8},"end":{"line":107,"column":61}},"type":"binary-expr","locations":[{"start":{"line":107,"column":8},"end":{"line":107,"column":33}},{"start":{"line":107,"column":33},"end":{"line":107,"column":61}}],"line":107},"13":{"loc":{"start":{"line":121,"column":4},"end":{"line":121,"column":null}},"type":"if","locations":[{"start":{"line":121,"column":4},"end":{"line":121,"column":null}},{"start":{},"end":{}}],"line":121},"14":{"loc":{"start":{"line":128,"column":4},"end":{"line":139,"column":null}},"type":"if","locations":[{"start":{"line":128,"column":4},"end":{"line":139,"column":null}},{"start":{"line":130,"column":4},"end":{"line":139,"column":null}}],"line":128},"15":{"loc":{"start":{"line":128,"column":8},"end":{"line":128,"column":78}},"type":"binary-expr","locations":[{"start":{"line":128,"column":8},"end":{"line":128,"column":26}},{"start":{"line":128,"column":26},"end":{"line":128,"column":49}},{"start":{"line":128,"column":49},"end":{"line":128,"column":66}},{"start":{"line":128,"column":66},"end":{"line":128,"column":78}}],"line":128},"16":{"loc":{"start":{"line":130,"column":4},"end":{"line":139,"column":null}},"type":"if","locations":[{"start":{"line":130,"column":4},"end":{"line":139,"column":null}},{"start":{},"end":{}}],"line":130},"17":{"loc":{"start":{"line":142,"column":41},"end":{"line":142,"column":null}},"type":"cond-expr","locations":[{"start":{"line":142,"column":58},"end":{"line":142,"column":66}},{"start":{"line":142,"column":66},"end":{"line":142,"column":null}}],"line":142},"18":{"loc":{"start":{"line":149,"column":22},"end":{"line":149,"column":null}},"type":"binary-expr","locations":[{"start":{"line":149,"column":22},"end":{"line":149,"column":34}},{"start":{"line":149,"column":34},"end":{"line":149,"column":null}}],"line":149},"19":{"loc":{"start":{"line":150,"column":17},"end":{"line":150,"column":null}},"type":"binary-expr","locations":[{"start":{"line":150,"column":17},"end":{"line":150,"column":34}},{"start":{"line":150,"column":34},"end":{"line":150,"column":null}}],"line":150},"20":{"loc":{"start":{"line":156,"column":4},"end":{"line":158,"column":null}},"type":"if","locations":[{"start":{"line":156,"column":4},"end":{"line":158,"column":null}},{"start":{},"end":{}}],"line":156},"21":{"loc":{"start":{"line":162,"column":4},"end":{"line":162,"column":null}},"type":"if","locations":[{"start":{"line":162,"column":4},"end":{"line":162,"column":null}},{"start":{},"end":{}}],"line":162},"22":{"loc":{"start":{"line":170,"column":4},"end":{"line":177,"column":null}},"type":"if","locations":[{"start":{"line":170,"column":4},"end":{"line":177,"column":null}},{"start":{},"end":{}}],"line":170},"23":{"loc":{"start":{"line":170,"column":8},"end":{"line":170,"column":48}},"type":"binary-expr","locations":[{"start":{"line":170,"column":8},"end":{"line":170,"column":29}},{"start":{"line":170,"column":29},"end":{"line":170,"column":48}}],"line":170},"24":{"loc":{"start":{"line":179,"column":4},"end":{"line":181,"column":null}},"type":"if","locations":[{"start":{"line":179,"column":4},"end":{"line":181,"column":null}},{"start":{},"end":{}}],"line":179},"25":{"loc":{"start":{"line":187,"column":6},"end":{"line":189,"column":null}},"type":"if","locations":[{"start":{"line":187,"column":6},"end":{"line":189,"column":null}},{"start":{},"end":{}}],"line":187},"26":{"loc":{"start":{"line":194,"column":4},"end":{"line":197,"column":null}},"type":"if","locations":[{"start":{"line":194,"column":4},"end":{"line":197,"column":null}},{"start":{},"end":{}}],"line":194},"27":{"loc":{"start":{"line":201,"column":4},"end":{"line":206,"column":null}},"type":"if","locations":[{"start":{"line":201,"column":4},"end":{"line":206,"column":null}},{"start":{},"end":{}}],"line":201},"28":{"loc":{"start":{"line":203,"column":6},"end":{"line":205,"column":null}},"type":"if","locations":[{"start":{"line":203,"column":6},"end":{"line":205,"column":null}},{"start":{},"end":{}}],"line":203}},"s":{"0":7,"1":7,"2":7,"3":7,"4":7,"5":7,"6":7,"7":7,"8":11,"9":6,"10":5,"11":2,"12":3,"13":2,"14":2,"15":2,"16":2,"17":0,"18":0,"19":0,"20":0,"21":0,"22":2,"23":2,"24":2,"25":2,"26":2,"27":2,"28":2,"29":2,"30":2,"31":2,"32":1,"33":0,"34":2,"35":0,"36":0,"37":9,"38":2,"39":2,"40":9,"41":9,"42":9,"43":9,"44":9,"45":9,"46":1,"47":0,"48":1,"49":1,"50":1,"51":1,"52":1,"53":0,"54":0,"55":0,"56":0,"57":0,"58":0,"59":1,"60":1,"61":1,"62":1,"63":1,"64":1,"65":0,"66":0,"67":0,"68":0,"69":0,"70":0,"71":0,"72":0,"73":0,"74":3,"75":3,"76":1,"77":1,"78":12,"79":3,"80":3,"81":11,"82":3,"83":3,"84":3,"85":1},"f":{"0":7,"1":2,"2":2,"3":2,"4":1,"5":0,"6":9,"7":1,"8":0,"9":3,"10":1,"11":12,"12":11},"b":{"0":[6,5],"1":[11,9,8],"2":[2,3],"3":[2],"4":[0,2],"5":[0,0],"6":[2,1],"7":[2,1],"8":[2,2],"9":[2,1],"10":[2,2],"11":[2,7],"12":[9,2],"13":[0,1],"14":[1,0],"15":[1,1,1,1],"16":[0,0],"17":[1,0],"18":[1,0],"19":[1,0],"20":[1,0],"21":[0,0],"22":[0,0],"23":[0,0],"24":[0,0],"25":[1,0],"26":[3,9],"27":[3,8],"28":[3,0]},"meta":{"lastBranch":29,"lastFunction":13,"lastStatement":86,"seen":{"s:23:35:23:Infinity":0,"s:24:66:24:Infinity":1,"s:25:48:25:Infinity":2,"s:26:50:26:Infinity":3,"s:27:23:27:Infinity":4,"s:29:50:29:Infinity":5,"s:30:44:30:Infinity":6,"s:31:52:31:Infinity":7,"f:39:16:39:37":0,"b:40:4:46:Infinity:42:4:46:Infinity":0,"s:40:4:46:Infinity":8,"b:40:8:40:40:40:40:40:59:40:59:40:75":1,"s:41:6:41:Infinity":9,"b:42:4:46:Infinity:44:11:46:Infinity":2,"s:42:4:46:Infinity":10,"s:43:6:43:Infinity":11,"s:45:6:45:Infinity":12,"f:49:9:49:37":1,"s:50:4:50:Infinity":13,"f:53:9:53:56":2,"s:54:4:54:Infinity":14,"f:57:9:57:Infinity":3,"b:61:38:61:Infinity":3,"s:64:4:64:Infinity":15,"b:66:4:71:Infinity:undefined:undefined:undefined:undefined":4,"s:66:4:71:Infinity":16,"s:67:18:67:Infinity":17,"s:68:6:68:Infinity":18,"b:69:6:69:Infinity:undefined:undefined:undefined:undefined":5,"s:69:6:69:Infinity":19,"s:69:19:69:Infinity":20,"s:70:6:70:Infinity":21,"s:73:4:73:Infinity":22,"s:74:4:74:Infinity":23,"s:75:4:75:Infinity":24,"b:75:21:75:32:75:32:75:Infinity":6,"s:76:4:76:Infinity":25,"b:76:22:76:46:76:46:76:Infinity":7,"s:78:22:78:Infinity":26,"b:78:22:78:46:78:46:78:Infinity":8,"s:79:25:79:Infinity":27,"b:79:25:79:58:79:58:79:Infinity":9,"s:81:40:85:Infinity":28,"b:82:26:82:56:82:56:82:Infinity":10,"s:87:4:87:Infinity":29,"s:89:4:99:Infinity":30,"s:90:6:94:Infinity":31,"f:91:8:91:9":4,"s:91:17:91:Infinity":32,"f:92:8:92:9":5,"s:92:17:92:Infinity":33,"s:95:6:95:Infinity":34,"s:97:6:97:Infinity":35,"s:98:6:98:Infinity":36,"f:106:9:106:30":6,"b:107:4:110:Infinity:undefined:undefined:undefined:undefined":11,"s:107:4:110:Infinity":37,"b:107:8:107:33:107:33:107:61":12,"s:108:6:108:Infinity":38,"s:109:6:109:Infinity":39,"s:112:4:112:Infinity":40,"s:113:4:113:Infinity":41,"s:114:4:114:Infinity":42,"s:115:4:115:Infinity":43,"s:116:4:116:Infinity":44,"s:117:4:117:Infinity":45,"f:120:10:120:24":7,"b:121:4:121:Infinity:undefined:undefined:undefined:undefined":13,"s:121:4:121:Infinity":46,"s:121:26:121:Infinity":47,"s:123:4:123:Infinity":48,"s:125:53:125:Infinity":49,"s:126:19:126:Infinity":50,"b:128:4:139:Infinity:130:4:139:Infinity":14,"s:128:4:139:Infinity":51,"b:128:8:128:26:128:26:128:49:128:49:128:66:128:66:128:78":15,"s:129:6:129:Infinity":52,"b:130:4:139:Infinity:undefined:undefined:undefined:undefined":16,"s:130:4:139:Infinity":53,"s:131:26:131:Infinity":54,"s:132:12:132:Infinity":55,"s:133:12:136:Infinity":56,"s:137:25:137:Infinity":57,"s:138:6:138:Infinity":58,"s:142:41:142:Infinity":59,"b:142:58:142:66:142:66:142:Infinity":17,"s:143:4:143:Infinity":60,"s:145:42:152:Infinity":61,"b:149:22:149:34:149:34:149:Infinity":18,"b:150:17:150:34:150:34:150:Infinity":19,"s:154:4:154:Infinity":62,"b:156:4:158:Infinity:undefined:undefined:undefined:undefined":20,"s:156:4:158:Infinity":63,"s:157:6:157:Infinity":64,"f:161:10:161:22":8,"b:162:4:162:Infinity:undefined:undefined:undefined:undefined":21,"s:162:4:162:Infinity":65,"s:162:26:162:Infinity":66,"s:164:4:164:Infinity":67,"s:167:4:167:Infinity":68,"b:170:4:177:Infinity:undefined:undefined:undefined:undefined":22,"s:170:4:177:Infinity":69,"b:170:8:170:29:170:29:170:48":23,"s:171:44:175:Infinity":70,"s:176:6:176:Infinity":71,"b:179:4:181:Infinity:undefined:undefined:undefined:undefined":24,"s:179:4:181:Infinity":72,"s:180:6:180:Infinity":73,"f:184:10:184:31":9,"s:185:4:185:Infinity":74,"s:186:4:190:Infinity":75,"f:186:38:186:44":10,"b:187:6:189:Infinity:undefined:undefined:undefined:undefined":25,"s:187:6:189:Infinity":76,"s:188:8:188:Infinity":77,"f:193:10:193:39":11,"b:194:4:197:Infinity:undefined:undefined:undefined:undefined":26,"s:194:4:197:Infinity":78,"s:195:6:195:Infinity":79,"s:196:6:196:Infinity":80,"f:200:10:200:29":12,"b:201:4:206:Infinity:undefined:undefined:undefined:undefined":27,"s:201:4:206:Infinity":81,"s:202:6:202:Infinity":82,"b:203:6:205:Infinity:undefined:undefined:undefined:undefined":28,"s:203:6:205:Infinity":83,"s:204:8:204:Infinity":84,"s:210:31:210:Infinity":85},"fnNames":{}}}
,"/app/applet/src/services/notifications.ts": {"path":"/app/applet/src/services/notifications.ts","statementMap":{"0":{"start":{"line":12,"column":31},"end":{"line":12,"column":null}},"1":{"start":{"line":13,"column":51},"end":{"line":13,"column":null}},"2":{"start":{"line":14,"column":37},"end":{"line":14,"column":null}},"3":{"start":{"line":17,"column":4},"end":{"line":20,"column":null}},"4":{"start":{"line":18,"column":6},"end":{"line":18,"column":null}},"5":{"start":{"line":19,"column":6},"end":{"line":19,"column":null}},"6":{"start":{"line":22,"column":4},"end":{"line":24,"column":null}},"7":{"start":{"line":23,"column":6},"end":{"line":23,"column":null}},"8":{"start":{"line":26,"column":4},"end":{"line":29,"column":null}},"9":{"start":{"line":27,"column":25},"end":{"line":27,"column":null}},"10":{"start":{"line":28,"column":6},"end":{"line":28,"column":null}},"11":{"start":{"line":31,"column":4},"end":{"line":31,"column":null}},"12":{"start":{"line":45,"column":27},"end":{"line":45,"column":null}},"13":{"start":{"line":47,"column":16},"end":{"line":47,"column":null}},"14":{"start":{"line":48,"column":16},"end":{"line":48,"column":null}},"15":{"start":{"line":51,"column":21},"end":{"line":51,"column":null}},"16":{"start":{"line":52,"column":4},"end":{"line":55,"column":null}},"17":{"start":{"line":53,"column":6},"end":{"line":53,"column":null}},"18":{"start":{"line":54,"column":6},"end":{"line":54,"column":null}},"19":{"start":{"line":57,"column":4},"end":{"line":57,"column":null}},"20":{"start":{"line":59,"column":24},"end":{"line":59,"column":null}},"21":{"start":{"line":60,"column":42},"end":{"line":66,"column":null}},"22":{"start":{"line":68,"column":4},"end":{"line":68,"column":null}},"23":{"start":{"line":69,"column":4},"end":{"line":71,"column":null}},"24":{"start":{"line":70,"column":6},"end":{"line":70,"column":null}},"25":{"start":{"line":73,"column":4},"end":{"line":91,"column":null}},"26":{"start":{"line":74,"column":6},"end":{"line":90,"column":null}},"27":{"start":{"line":75,"column":22},"end":{"line":82,"column":null}},"28":{"start":{"line":84,"column":8},"end":{"line":87,"column":null}},"29":{"start":{"line":85,"column":10},"end":{"line":85,"column":null}},"30":{"start":{"line":86,"column":10},"end":{"line":86,"column":null}},"31":{"start":{"line":89,"column":8},"end":{"line":89,"column":null}},"32":{"start":{"line":93,"column":4},"end":{"line":93,"column":null}},"33":{"start":{"line":97,"column":4},"end":{"line":97,"column":null}},"34":{"start":{"line":101,"column":4},"end":{"line":101,"column":null}},"35":{"start":{"line":102,"column":4},"end":{"line":102,"column":null}}},"fnMap":{"0":{"name":"requestPermission","decl":{"start":{"line":16,"column":22},"end":{"line":16,"column":60}},"loc":{"start":{"line":16,"column":60},"end":{"line":32,"column":null}},"line":16},"1":{"name":"sendAlertNotification","decl":{"start":{"line":38,"column":16},"end":{"line":38,"column":null}},"loc":{"start":{"line":44,"column":19},"end":{"line":94,"column":null}},"line":44},"2":{"name":"(anonymous_2)","decl":{"start":{"line":84,"column":24},"end":{"line":84,"column":30}},"loc":{"start":{"line":84,"column":30},"end":{"line":87,"column":null}},"line":84},"3":{"name":"getSentLogs","decl":{"start":{"line":96,"column":16},"end":{"line":96,"column":53}},"loc":{"start":{"line":96,"column":53},"end":{"line":98,"column":null}},"line":96},"4":{"name":"clearHistory","decl":{"start":{"line":100,"column":16},"end":{"line":100,"column":37}},"loc":{"start":{"line":100,"column":37},"end":{"line":103,"column":null}},"line":100}},"branchMap":{"0":{"loc":{"start":{"line":17,"column":4},"end":{"line":20,"column":null}},"type":"if","locations":[{"start":{"line":17,"column":4},"end":{"line":20,"column":null}},{"start":{},"end":{}}],"line":17},"1":{"loc":{"start":{"line":17,"column":8},"end":{"line":17,"column":70}},"type":"binary-expr","locations":[{"start":{"line":17,"column":8},"end":{"line":17,"column":41}},{"start":{"line":17,"column":41},"end":{"line":17,"column":70}}],"line":17},"2":{"loc":{"start":{"line":22,"column":4},"end":{"line":24,"column":null}},"type":"if","locations":[{"start":{"line":22,"column":4},"end":{"line":24,"column":null}},{"start":{},"end":{}}],"line":22},"3":{"loc":{"start":{"line":26,"column":4},"end":{"line":29,"column":null}},"type":"if","locations":[{"start":{"line":26,"column":4},"end":{"line":29,"column":null}},{"start":{},"end":{}}],"line":26},"4":{"loc":{"start":{"line":42,"column":4},"end":{"line":42,"column":null}},"type":"default-arg","locations":[{"start":{"line":42,"column":11},"end":{"line":42,"column":null}}],"line":42},"5":{"loc":{"start":{"line":43,"column":4},"end":{"line":43,"column":null}},"type":"default-arg","locations":[{"start":{"line":43,"column":17},"end":{"line":43,"column":null}}],"line":43},"6":{"loc":{"start":{"line":45,"column":27},"end":{"line":45,"column":null}},"type":"binary-expr","locations":[{"start":{"line":45,"column":27},"end":{"line":45,"column":60}},{"start":{"line":45,"column":60},"end":{"line":45,"column":null}}],"line":45},"7":{"loc":{"start":{"line":47,"column":16},"end":{"line":47,"column":null}},"type":"binary-expr","locations":[{"start":{"line":47,"column":16},"end":{"line":47,"column":34}},{"start":{"line":47,"column":34},"end":{"line":47,"column":null}}],"line":47},"8":{"loc":{"start":{"line":52,"column":4},"end":{"line":55,"column":null}},"type":"if","locations":[{"start":{"line":52,"column":4},"end":{"line":55,"column":null}},{"start":{},"end":{}}],"line":52},"9":{"loc":{"start":{"line":52,"column":8},"end":{"line":52,"column":85}},"type":"binary-expr","locations":[{"start":{"line":52,"column":8},"end":{"line":52,"column":20}},{"start":{"line":52,"column":20},"end":{"line":52,"column":46}},{"start":{"line":52,"column":46},"end":{"line":52,"column":85}}],"line":52},"10":{"loc":{"start":{"line":69,"column":4},"end":{"line":71,"column":null}},"type":"if","locations":[{"start":{"line":69,"column":4},"end":{"line":71,"column":null}},{"start":{},"end":{}}],"line":69},"11":{"loc":{"start":{"line":73,"column":4},"end":{"line":91,"column":null}},"type":"if","locations":[{"start":{"line":73,"column":4},"end":{"line":91,"column":null}},{"start":{},"end":{}}],"line":73},"12":{"loc":{"start":{"line":73,"column":8},"end":{"line":73,"column":65}},"type":"binary-expr","locations":[{"start":{"line":73,"column":8},"end":{"line":73,"column":26}},{"start":{"line":73,"column":26},"end":{"line":73,"column":65}}],"line":73}},"s":{"0":1,"1":1,"2":1,"3":0,"4":0,"5":0,"6":0,"7":0,"8":0,"9":0,"10":0,"11":0,"12":5,"13":5,"14":5,"15":5,"16":5,"17":1,"18":1,"19":4,"20":4,"21":4,"22":4,"23":4,"24":0,"25":4,"26":0,"27":0,"28":0,"29":0,"30":0,"31":0,"32":4,"33":3,"34":3,"35":3},"f":{"0":1,"1":1,"2":0,"3":1,"4":1},"b":{"0":[0,0],"1":[0,0],"2":[0,0],"3":[0,0],"4":[5],"5":[5],"6":[5,0],"7":[5,0],"8":[1,4],"9":[5,1,1],"10":[0,4],"11":[0,4],"12":[4,0]},"meta":{"lastBranch":13,"lastFunction":5,"lastStatement":36,"seen":{"s:12:31:12:Infinity":0,"s:13:51:13:Infinity":1,"s:14:37:14:Infinity":2,"f:16:22:16:60":0,"b:17:4:20:Infinity:undefined:undefined:undefined:undefined":0,"s:17:4:20:Infinity":3,"b:17:8:17:41:17:41:17:70":1,"s:18:6:18:Infinity":4,"s:19:6:19:Infinity":5,"b:22:4:24:Infinity:undefined:undefined:undefined:undefined":2,"s:22:4:24:Infinity":6,"s:23:6:23:Infinity":7,"b:26:4:29:Infinity:undefined:undefined:undefined:undefined":3,"s:26:4:29:Infinity":8,"s:27:25:27:Infinity":9,"s:28:6:28:Infinity":10,"s:31:4:31:Infinity":11,"f:38:16:38:Infinity":1,"b:42:11:42:Infinity":4,"b:43:17:43:Infinity":5,"s:45:27:45:Infinity":12,"b:45:27:45:60:45:60:45:Infinity":6,"s:47:16:47:Infinity":13,"b:47:16:47:34:47:34:47:Infinity":7,"s:48:16:48:Infinity":14,"s:51:21:51:Infinity":15,"b:52:4:55:Infinity:undefined:undefined:undefined:undefined":8,"s:52:4:55:Infinity":16,"b:52:8:52:20:52:20:52:46:52:46:52:85":9,"s:53:6:53:Infinity":17,"s:54:6:54:Infinity":18,"s:57:4:57:Infinity":19,"s:59:24:59:Infinity":20,"s:60:42:66:Infinity":21,"s:68:4:68:Infinity":22,"b:69:4:71:Infinity:undefined:undefined:undefined:undefined":10,"s:69:4:71:Infinity":23,"s:70:6:70:Infinity":24,"b:73:4:91:Infinity:undefined:undefined:undefined:undefined":11,"s:73:4:91:Infinity":25,"b:73:8:73:26:73:26:73:65":12,"s:74:6:90:Infinity":26,"s:75:22:82:Infinity":27,"s:84:8:87:Infinity":28,"f:84:24:84:30":2,"s:85:10:85:Infinity":29,"s:86:10:86:Infinity":30,"s:89:8:89:Infinity":31,"s:93:4:93:Infinity":32,"f:96:16:96:53":3,"s:97:4:97:Infinity":33,"f:100:16:100:37":4,"s:101:4:101:Infinity":34,"s:102:4:102:Infinity":35},"fnNames":{}}}
}
